Fitter report for hw3
Fri Feb 01 09:19:23 2008
Quartus II Version 7.1 Build 156 04/30/2007 SJ Web Edition


---------------------
; Table of Contents ;
---------------------
  1. Legal Notice
  2. Fitter Summary
  3. Fitter Settings
  4. Pin-Out File
  5. Fitter Resource Usage Summary
  6. Input Pins
  7. Output Pins
  8. I/O Bank Usage
  9. All Package Pins
 10. Output Pin Default Load For Reported TCO
 11. Fitter Resource Utilization by Entity
 12. Delay Chain Summary
 13. Pad To Core Delay Chain Fanout
 14. Non-Global High Fan-Out Signals
 15. Interconnect Usage Summary
 16. LAB Logic Elements
 17. LAB Signals Sourced
 18. LAB Signals Sourced Out
 19. LAB Distinct Inputs
 20. Fitter Device Options
 21. Advanced Data - General
 22. Advanced Data - Placement Preparation
 23. Advanced Data - Placement
 24. Advanced Data - Routing
 25. Fitter Messages



----------------
; Legal Notice ;
----------------
Copyright (C) 1991-2007 Altera Corporation
Your use of Altera Corporation's design tools, logic functions 
and other software and tools, and its AMPP partner logic 
functions, and any output files from any of the foregoing 
(including device programming or simulation files), and any 
associated documentation or information are expressly subject 
to the terms and conditions of the Altera Program License 
Subscription Agreement, Altera MegaCore Function License 
Agreement, or other applicable license agreement, including, 
without limitation, that your use is for the sole purpose of 
programming logic devices manufactured by Altera and sold by 
Altera or its authorized distributors.  Please refer to the 
applicable agreement for further details.



+------------------------------------------------------------------------------+
; Fitter Summary                                                               ;
+------------------------------------+-----------------------------------------+
; Fitter Status                      ; Successful - Fri Feb 01 09:19:23 2008   ;
; Quartus II Version                 ; 7.1 Build 156 04/30/2007 SJ Web Edition ;
; Revision Name                      ; hw3                                     ;
; Top-level Entity Name              ; hw3                                     ;
; Family                             ; Cyclone II                              ;
; Device                             ; EP2C5T144C6                             ;
; Timing Models                      ; Final                                   ;
; Total logic elements               ; 128 / 4,608 ( 3 % )                     ;
;     Total combinational functions  ; 128 / 4,608 ( 3 % )                     ;
;     Dedicated logic registers      ; 0 / 4,608 ( 0 % )                       ;
; Total registers                    ; 0                                       ;
; Total pins                         ; 32 / 89 ( 36 % )                        ;
; Total virtual pins                 ; 0                                       ;
; Total memory bits                  ; 0 / 119,808 ( 0 % )                     ;
; Embedded Multiplier 9-bit elements ; 0 / 26 ( 0 % )                          ;
; Total PLLs                         ; 0 / 2 ( 0 % )                           ;
+------------------------------------+-----------------------------------------+


+-----------------------------------------------------------------------------------------------------------------------------------------+
; Fitter Settings                                                                                                                         ;
+-----------------------------------------------------------------------+--------------------------------+--------------------------------+
; Option                                                                ; Setting                        ; Default Value                  ;
+-----------------------------------------------------------------------+--------------------------------+--------------------------------+
; Device                                                                ; AUTO                           ;                                ;
; Fit Attempts to Skip                                                  ; 0                              ; 0.0                            ;
; Always Enable Input Buffers                                           ; Off                            ; Off                            ;
; Router Timing Optimization Level                                      ; Normal                         ; Normal                         ;
; Placement Effort Multiplier                                           ; 1.0                            ; 1.0                            ;
; Router Effort Multiplier                                              ; 1.0                            ; 1.0                            ;
; Optimize Hold Timing                                                  ; IO Paths and Minimum TPD Paths ; IO Paths and Minimum TPD Paths ;
; Optimize Fast-Corner Timing                                           ; Off                            ; Off                            ;
; PowerPlay Power Optimization                                          ; Normal compilation             ; Normal compilation             ;
; Optimize Timing                                                       ; Normal compilation             ; Normal compilation             ;
; Optimize IOC Register Placement for Timing                            ; On                             ; On                             ;
; Limit to One Fitting Attempt                                          ; Off                            ; Off                            ;
; Final Placement Optimizations                                         ; Automatically                  ; Automatically                  ;
; Fitter Aggressive Routability Optimizations                           ; Automatically                  ; Automatically                  ;
; Fitter Initial Placement Seed                                         ; 1                              ; 1                              ;
; PCI I/O                                                               ; Off                            ; Off                            ;
; Weak Pull-Up Resistor                                                 ; Off                            ; Off                            ;
; Enable Bus-Hold Circuitry                                             ; Off                            ; Off                            ;
; Auto Global Memory Control Signals                                    ; Off                            ; Off                            ;
; Auto Packed Registers -- Stratix II/II GX/III Cyclone II/III Arria GX ; Auto                           ; Auto                           ;
; Auto Delay Chains                                                     ; On                             ; On                             ;
; Auto Merge PLLs                                                       ; On                             ; On                             ;
; Ignore PLL Mode When Merging PLLs                                     ; Off                            ; Off                            ;
; Perform Physical Synthesis for Combinational Logic for Fitting        ; Off                            ; Off                            ;
; Perform Physical Synthesis for Combinational Logic for Performance    ; Off                            ; Off                            ;
; Perform Register Duplication for Performance                          ; Off                            ; Off                            ;
; Perform Logic to Memory Mapping for Fitting                           ; Off                            ; Off                            ;
; Perform Register Retiming for Performance                             ; Off                            ; Off                            ;
; Perform Asynchronous Signal Pipelining                                ; Off                            ; Off                            ;
; Fitter Effort                                                         ; Auto Fit                       ; Auto Fit                       ;
; Physical Synthesis Effort Level                                       ; Normal                         ; Normal                         ;
; Auto Global Clock                                                     ; On                             ; On                             ;
; Auto Global Register Control Signals                                  ; On                             ; On                             ;
; Stop After Congestion Map Generation                                  ; Off                            ; Off                            ;
; Save Intermediate Fitting Results                                     ; Off                            ; Off                            ;
; Use smart compilation                                                 ; Off                            ; Off                            ;
+-----------------------------------------------------------------------+--------------------------------+--------------------------------+


+--------------+
; Pin-Out File ;
+--------------+
The pin-out file can be found in C:/altera/71/quartus/hw3/hw3.pin.


+-------------------------------------------------------------------+
; Fitter Resource Usage Summary                                     ;
+---------------------------------------------+---------------------+
; Resource                                    ; Usage               ;
+---------------------------------------------+---------------------+
; Total logic elements                        ; 128 / 4,608 ( 3 % ) ;
;     -- Combinational with no register       ; 128                 ;
;     -- Register only                        ; 0                   ;
;     -- Combinational with a register        ; 0                   ;
;                                             ;                     ;
; Logic element usage by number of LUT inputs ;                     ;
;     -- 4 input functions                    ; 0                   ;
;     -- 3 input functions                    ; 56                  ;
;     -- <=2 input functions                  ; 72                  ;
;     -- Register only                        ; 0                   ;
;                                             ;                     ;
; Logic elements by mode                      ;                     ;
;     -- normal mode                          ; 67                  ;
;     -- arithmetic mode                      ; 61                  ;
;                                             ;                     ;
; Total registers*                            ; 0 / 4,851 ( 0 % )   ;
;     -- Dedicated logic registers            ; 0 / 4,608 ( 0 % )   ;
;     -- I/O registers                        ; 0 / 243 ( 0 % )     ;
;                                             ;                     ;
; Total LABs:  partially or completely used   ; 9 / 288 ( 3 % )     ;
; User inserted logic elements                ; 0                   ;
; Virtual pins                                ; 0                   ;
; I/O pins                                    ; 32 / 89 ( 36 % )    ;
;     -- Clock pins                           ; 0 / 4 ( 0 % )       ;
; Global signals                              ; 0                   ;
; M4Ks                                        ; 0 / 26 ( 0 % )      ;
; Total memory bits                           ; 0 / 119,808 ( 0 % ) ;
; Total RAM block bits                        ; 0 / 119,808 ( 0 % ) ;
; Embedded Multiplier 9-bit elements          ; 0 / 26 ( 0 % )      ;
; PLLs                                        ; 0 / 2 ( 0 % )       ;
; Global clocks                               ; 0 / 8 ( 0 % )       ;
; Average interconnect usage                  ; 0%                  ;
; Peak interconnect usage                     ; 1%                  ;
; Maximum fan-out node                        ; b[0]                ;
; Maximum fan-out                             ; 8                   ;
; Highest non-global fan-out signal           ; b[0]                ;
; Highest non-global fan-out                  ; 8                   ;
; Total fan-out                               ; 317                 ;
; Average fan-out                             ; 1.94                ;
+---------------------------------------------+---------------------+
*  Register count does not include registers inside RAM blocks or DSP blocks.



+------------------------------------------------------------------------------------------------------------------------------------------------------------------------------------------------------------------------------------------------------------+
; Input Pins                                                                                                                                                                                                                                                 ;
+------+-------+----------+--------------+--------------+-------------+-----------------------+--------------------+--------+----------------+---------------+-----------------+----------+--------------+--------------+-------------+----------------------+
; Name ; Pin # ; I/O Bank ; X coordinate ; Y coordinate ; Cell number ; Combinational Fan-Out ; Registered Fan-Out ; Global ; Input Register ; Power Up High ; PCI I/O Enabled ; Bus Hold ; Weak Pull Up ; I/O Standard ; Termination ; Location assigned by ;
+------+-------+----------+--------------+--------------+-------------+-----------------------+--------------------+--------+----------------+---------------+-----------------+----------+--------------+--------------+-------------+----------------------+
; a[0] ; 86    ; 3        ; 28           ; 6            ; 1           ; 8                     ; 0                  ; no     ; no             ; no            ; no              ; no       ; Off          ; 3.3-V LVTTL  ; Off         ; Fitter               ;
; a[1] ; 63    ; 4        ; 19           ; 0            ; 0           ; 8                     ; 0                  ; no     ; no             ; no            ; no              ; no       ; Off          ; 3.3-V LVTTL  ; Off         ; Fitter               ;
; a[2] ; 9     ; 1        ; 0            ; 11           ; 3           ; 8                     ; 0                  ; no     ; no             ; no            ; no              ; no       ; Off          ; 3.3-V LVTTL  ; Off         ; Fitter               ;
; a[3] ; 125   ; 2        ; 14           ; 14           ; 0           ; 8                     ; 0                  ; no     ; no             ; no            ; no              ; no       ; Off          ; 3.3-V LVTTL  ; Off         ; Fitter               ;
; a[4] ; 118   ; 2        ; 21           ; 14           ; 0           ; 8                     ; 0                  ; no     ; no             ; no            ; no              ; no       ; Off          ; 3.3-V LVTTL  ; Off         ; Fitter               ;
; a[5] ; 120   ; 2        ; 19           ; 14           ; 0           ; 8                     ; 0                  ; no     ; no             ; no            ; no              ; no       ; Off          ; 3.3-V LVTTL  ; Off         ; Fitter               ;
; a[6] ; 119   ; 2        ; 21           ; 14           ; 1           ; 8                     ; 0                  ; no     ; no             ; no            ; no              ; no       ; Off          ; 3.3-V LVTTL  ; Off         ; Fitter               ;
; a[7] ; 103   ; 3        ; 28           ; 12           ; 1           ; 8                     ; 0                  ; no     ; no             ; no            ; no              ; no       ; Off          ; 3.3-V LVTTL  ; Off         ; Fitter               ;
; b[0] ; 121   ; 2        ; 19           ; 14           ; 1           ; 8                     ; 0                  ; no     ; no             ; no            ; no              ; no       ; Off          ; 3.3-V LVTTL  ; Off         ; Fitter               ;
; b[1] ; 94    ; 3        ; 28           ; 9            ; 2           ; 8                     ; 0                  ; no     ; no             ; no            ; no              ; no       ; Off          ; 3.3-V LVTTL  ; Off         ; Fitter               ;
; b[2] ; 129   ; 2        ; 12           ; 14           ; 0           ; 8                     ; 0                  ; no     ; no             ; no            ; no              ; no       ; Off          ; 3.3-V LVTTL  ; Off         ; Fitter               ;
; b[3] ; 134   ; 2        ; 7            ; 14           ; 1           ; 8                     ; 0                  ; no     ; no             ; no            ; no              ; no       ; Off          ; 3.3-V LVTTL  ; Off         ; Fitter               ;
; b[4] ; 65    ; 4        ; 21           ; 0            ; 0           ; 8                     ; 0                  ; no     ; no             ; no            ; no              ; no       ; Off          ; 3.3-V LVTTL  ; Off         ; Fitter               ;
; b[5] ; 112   ; 2        ; 26           ; 14           ; 0           ; 8                     ; 0                  ; no     ; no             ; no            ; no              ; no       ; Off          ; 3.3-V LVTTL  ; Off         ; Fitter               ;
; b[6] ; 97    ; 3        ; 28           ; 9            ; 0           ; 8                     ; 0                  ; no     ; no             ; no            ; no              ; no       ; Off          ; 3.3-V LVTTL  ; Off         ; Fitter               ;
; b[7] ; 81    ; 3        ; 28           ; 5            ; 1           ; 8                     ; 0                  ; no     ; no             ; no            ; no              ; no       ; Off          ; 3.3-V LVTTL  ; Off         ; Fitter               ;
+------+-------+----------+--------------+--------------+-------------+-----------------------+--------------------+--------+----------------+---------------+-----------------+----------+--------------+--------------+-------------+----------------------+


+----------------------------------------------------------------------------------------------------------------------------------------------------------------------------------------------------------------------------------------------------------------------------------------+
; Output Pins                                                                                                                                                                                                                                                                            ;
+-------+-------+----------+--------------+--------------+-------------+-----------------+------------------------+---------------+-----------------+------------+---------------+----------+--------------+--------------+------------------+-------------+----------------------+------+
; Name  ; Pin # ; I/O Bank ; X coordinate ; Y coordinate ; Cell number ; Output Register ; Output Enable Register ; Power Up High ; PCI I/O Enabled ; Open Drain ; TRI Primitive ; Bus Hold ; Weak Pull Up ; I/O Standard ; Current Strength ; Termination ; Location assigned by ; Load ;
+-------+-------+----------+--------------+--------------+-------------+-----------------+------------------------+---------------+-----------------+------------+---------------+----------+--------------+--------------+------------------+-------------+----------------------+------+
; y[0]  ; 122   ; 2        ; 19           ; 14           ; 2           ; no              ; no                     ; no            ; no              ; no         ; no            ; no       ; Off          ; 3.3-V LVTTL  ; 24mA             ; Off         ; Fitter               ; 0 pF ;
; y[10] ; 60    ; 4        ; 14           ; 0            ; 0           ; no              ; no                     ; no            ; no              ; no         ; no            ; no       ; Off          ; 3.3-V LVTTL  ; 24mA             ; Off         ; Fitter               ; 0 pF ;
; y[11] ; 99    ; 3        ; 28           ; 11           ; 2           ; no              ; no                     ; no            ; no              ; no         ; no            ; no       ; Off          ; 3.3-V LVTTL  ; 24mA             ; Off         ; Fitter               ; 0 pF ;
; y[12] ; 100   ; 3        ; 28           ; 11           ; 1           ; no              ; no                     ; no            ; no              ; no         ; no            ; no       ; Off          ; 3.3-V LVTTL  ; 24mA             ; Off         ; Fitter               ; 0 pF ;
; y[13] ; 87    ; 3        ; 28           ; 6            ; 0           ; no              ; no                     ; no            ; no              ; no         ; no            ; no       ; Off          ; 3.3-V LVTTL  ; 24mA             ; Off         ; Fitter               ; 0 pF ;
; y[14] ; 132   ; 2        ; 9            ; 14           ; 2           ; no              ; no                     ; no            ; no              ; no         ; no            ; no       ; Off          ; 3.3-V LVTTL  ; 24mA             ; Off         ; Fitter               ; 0 pF ;
; y[15] ; 93    ; 3        ; 28           ; 8            ; 0           ; no              ; no                     ; no            ; no              ; no         ; no            ; no       ; Off          ; 3.3-V LVTTL  ; 24mA             ; Off         ; Fitter               ; 0 pF ;
; y[1]  ; 135   ; 2        ; 3            ; 14           ; 0           ; no              ; no                     ; no            ; no              ; no         ; no            ; no       ; Off          ; 3.3-V LVTTL  ; 24mA             ; Off         ; Fitter               ; 0 pF ;
; y[2]  ; 104   ; 3        ; 28           ; 12           ; 0           ; no              ; no                     ; no            ; no              ; no         ; no            ; no       ; Off          ; 3.3-V LVTTL  ; 24mA             ; Off         ; Fitter               ; 0 pF ;
; y[3]  ; 136   ; 2        ; 3            ; 14           ; 1           ; no              ; no                     ; no            ; no              ; no         ; no            ; no       ; Off          ; 3.3-V LVTTL  ; 24mA             ; Off         ; Fitter               ; 0 pF ;
; y[4]  ; 126   ; 2        ; 14           ; 14           ; 1           ; no              ; no                     ; no            ; no              ; no         ; no            ; no       ; Off          ; 3.3-V LVTTL  ; 24mA             ; Off         ; Fitter               ; 0 pF ;
; y[5]  ; 7     ; 1        ; 0            ; 11           ; 1           ; no              ; no                     ; no            ; no              ; no         ; no            ; no       ; Off          ; 3.3-V LVTTL  ; 24mA             ; Off         ; Fitter               ; 0 pF ;
; y[6]  ; 96    ; 3        ; 28           ; 9            ; 1           ; no              ; no                     ; no            ; no              ; no         ; no            ; no       ; Off          ; 3.3-V LVTTL  ; 24mA             ; Off         ; Fitter               ; 0 pF ;
; y[7]  ; 133   ; 2        ; 7            ; 14           ; 0           ; no              ; no                     ; no            ; no              ; no         ; no            ; no       ; Off          ; 3.3-V LVTTL  ; 24mA             ; Off         ; Fitter               ; 0 pF ;
; y[8]  ; 92    ; 3        ; 28           ; 8            ; 1           ; no              ; no                     ; no            ; no              ; no         ; no            ; no       ; Off          ; 3.3-V LVTTL  ; 24mA             ; Off         ; Fitter               ; 0 pF ;
; y[9]  ; 101   ; 3        ; 28           ; 11           ; 0           ; no              ; no                     ; no            ; no              ; no         ; no            ; no       ; Off          ; 3.3-V LVTTL  ; 24mA             ; Off         ; Fitter               ; 0 pF ;
+-------+-------+----------+--------------+--------------+-------------+-----------------+------------------------+---------------+-----------------+------------+---------------+----------+--------------+--------------+------------------+-------------+----------------------+------+


+------------------------------------------------------------+
; I/O Bank Usage                                             ;
+----------+------------------+---------------+--------------+
; I/O Bank ; Usage            ; VCCIO Voltage ; VREF Voltage ;
+----------+------------------+---------------+--------------+
; 1        ; 4 / 19 ( 21 % )  ; 3.3V          ; --           ;
; 2        ; 14 / 23 ( 61 % ) ; 3.3V          ; --           ;
; 3        ; 14 / 23 ( 61 % ) ; 3.3V          ; --           ;
; 4        ; 3 / 24 ( 13 % )  ; 3.3V          ; --           ;
+----------+------------------+---------------+--------------+


+------------------------------------------------------------------------------------------------------------------------------------------------------------------------+
; All Package Pins                                                                                                                                                       ;
+----------+------------+----------+------------------------------------------+--------+--------------+---------+------------+-----------------+----------+--------------+
; Location ; Pad Number ; I/O Bank ; Pin Name/Usage                           ; Dir.   ; I/O Standard ; Voltage ; I/O Type   ; User Assignment ; Bus Hold ; Weak Pull Up ;
+----------+------------+----------+------------------------------------------+--------+--------------+---------+------------+-----------------+----------+--------------+
; 1        ; 0          ; 1        ; ~ASDO~ / RESERVED_INPUT_WITH_WEAK_PULLUP ; input  ; 3.3-V LVTTL  ;         ; Row I/O    ; N               ; no       ; On           ;
; 2        ; 1          ; 1        ; ~nCSO~ / RESERVED_INPUT_WITH_WEAK_PULLUP ; input  ; 3.3-V LVTTL  ;         ; Row I/O    ; N               ; no       ; On           ;
; 3        ; 2          ; 1        ; GND*                                     ;        ;              ;         ; Row I/O    ;                 ; no       ; Off          ;
; 4        ; 3          ; 1        ; GND*                                     ;        ;              ;         ; Row I/O    ;                 ; no       ; Off          ;
; 5        ;            ; 1        ; VCCIO1                                   ; power  ;              ; 3.3V    ; --         ;                 ; --       ; --           ;
; 6        ;            ;          ; GND                                      ; gnd    ;              ;         ; --         ;                 ; --       ; --           ;
; 7        ; 10         ; 1        ; y[5]                                     ; output ; 3.3-V LVTTL  ;         ; Row I/O    ; N               ; no       ; Off          ;
; 8        ; 11         ; 1        ; GND*                                     ;        ;              ;         ; Row I/O    ;                 ; no       ; Off          ;
; 9        ; 12         ; 1        ; a[2]                                     ; input  ; 3.3-V LVTTL  ;         ; Row I/O    ; N               ; no       ; Off          ;
; 10       ; 13         ; 1        ; #TDO                                     ; output ;              ;         ; --         ;                 ; --       ; --           ;
; 11       ; 14         ; 1        ; #TMS                                     ; input  ;              ;         ; --         ;                 ; --       ; --           ;
; 12       ; 15         ; 1        ; #TCK                                     ; input  ;              ;         ; --         ;                 ; --       ; --           ;
; 13       ; 16         ; 1        ; #TDI                                     ; input  ;              ;         ; --         ;                 ; --       ; --           ;
; 14       ; 17         ; 1        ; ^DATA0                                   ; input  ;              ;         ; --         ;                 ; --       ; --           ;
; 15       ; 18         ; 1        ; ^DCLK                                    ;        ;              ;         ; --         ;                 ; --       ; --           ;
; 16       ; 19         ; 1        ; ^nCE                                     ;        ;              ;         ; --         ;                 ; --       ; --           ;
; 17       ; 20         ; 1        ; GND+                                     ;        ;              ;         ; Row I/O    ;                 ; --       ; --           ;
; 18       ; 21         ; 1        ; GND+                                     ;        ;              ;         ; Row I/O    ;                 ; --       ; --           ;
; 19       ;            ;          ; GND                                      ; gnd    ;              ;         ; --         ;                 ; --       ; --           ;
; 20       ; 22         ; 1        ; ^nCONFIG                                 ;        ;              ;         ; --         ;                 ; --       ; --           ;
; 21       ; 23         ; 1        ; GND+                                     ;        ;              ;         ; Row I/O    ;                 ; --       ; --           ;
; 22       ; 24         ; 1        ; GND+                                     ;        ;              ;         ; Row I/O    ;                 ; --       ; --           ;
; 23       ;            ; 1        ; VCCIO1                                   ; power  ;              ; 3.3V    ; --         ;                 ; --       ; --           ;
; 24       ; 25         ; 1        ; GND*                                     ;        ;              ;         ; Row I/O    ;                 ; no       ; Off          ;
; 25       ; 26         ; 1        ; GND*                                     ;        ;              ;         ; Row I/O    ;                 ; no       ; Off          ;
; 26       ; 27         ; 1        ; GND*                                     ;        ;              ;         ; Row I/O    ;                 ; no       ; Off          ;
; 27       ; 28         ; 1        ; GND*                                     ;        ;              ;         ; Row I/O    ;                 ; no       ; Off          ;
; 28       ; 32         ; 1        ; GND*                                     ;        ;              ;         ; Row I/O    ;                 ; no       ; Off          ;
; 29       ;            ; 1        ; VCCIO1                                   ; power  ;              ; 3.3V    ; --         ;                 ; --       ; --           ;
; 30       ; 40         ; 1        ; GND*                                     ;        ;              ;         ; Row I/O    ;                 ; no       ; Off          ;
; 31       ; 41         ; 1        ; GND*                                     ;        ;              ;         ; Row I/O    ;                 ; no       ; Off          ;
; 32       ; 42         ; 1        ; GND*                                     ;        ;              ;         ; Row I/O    ;                 ; no       ; Off          ;
; 33       ;            ;          ; GND                                      ; gnd    ;              ;         ; --         ;                 ; --       ; --           ;
; 34       ;            ;          ; GND_PLL1                                 ; gnd    ;              ;         ; --         ;                 ; --       ; --           ;
; 35       ;            ;          ; VCCD_PLL1                                ; power  ;              ; 1.2V    ; --         ;                 ; --       ; --           ;
; 36       ;            ;          ; GND_PLL1                                 ; gnd    ;              ;         ; --         ;                 ; --       ; --           ;
; 37       ;            ;          ; VCCA_PLL1                                ; power  ;              ; 1.2V    ; --         ;                 ; --       ; --           ;
; 38       ;            ;          ; GNDA_PLL1                                ; gnd    ;              ;         ; --         ;                 ; --       ; --           ;
; 39       ;            ;          ; GND                                      ; gnd    ;              ;         ; --         ;                 ; --       ; --           ;
; 40       ; 43         ; 4        ; GND*                                     ;        ;              ;         ; Column I/O ;                 ; no       ; Off          ;
; 41       ; 44         ; 4        ; GND*                                     ;        ;              ;         ; Column I/O ;                 ; no       ; Off          ;
; 42       ; 45         ; 4        ; GND*                                     ;        ;              ;         ; Column I/O ;                 ; no       ; Off          ;
; 43       ; 46         ; 4        ; GND*                                     ;        ;              ;         ; Column I/O ;                 ; no       ; Off          ;
; 44       ; 47         ; 4        ; GND*                                     ;        ;              ;         ; Column I/O ;                 ; no       ; Off          ;
; 45       ; 48         ; 4        ; GND*                                     ;        ;              ;         ; Column I/O ;                 ; no       ; Off          ;
; 46       ;            ; 4        ; VCCIO4                                   ; power  ;              ; 3.3V    ; --         ;                 ; --       ; --           ;
; 47       ; 49         ; 4        ; GND*                                     ;        ;              ;         ; Column I/O ;                 ; no       ; Off          ;
; 48       ; 50         ; 4        ; GND*                                     ;        ;              ;         ; Column I/O ;                 ; no       ; Off          ;
; 49       ;            ;          ; GND                                      ; gnd    ;              ;         ; --         ;                 ; --       ; --           ;
; 50       ;            ;          ; VCCINT                                   ; power  ;              ; 1.2V    ; --         ;                 ; --       ; --           ;
; 51       ; 52         ; 4        ; GND*                                     ;        ;              ;         ; Column I/O ;                 ; no       ; Off          ;
; 52       ; 53         ; 4        ; GND*                                     ;        ;              ;         ; Column I/O ;                 ; no       ; Off          ;
; 53       ; 57         ; 4        ; GND*                                     ;        ;              ;         ; Column I/O ;                 ; no       ; Off          ;
; 54       ;            ; 4        ; VCCIO4                                   ; power  ;              ; 3.3V    ; --         ;                 ; --       ; --           ;
; 55       ; 58         ; 4        ; GND*                                     ;        ;              ;         ; Column I/O ;                 ; no       ; Off          ;
; 56       ;            ;          ; GND                                      ; gnd    ;              ;         ; --         ;                 ; --       ; --           ;
; 57       ; 59         ; 4        ; GND*                                     ;        ;              ;         ; Column I/O ;                 ; no       ; Off          ;
; 58       ; 60         ; 4        ; GND*                                     ;        ;              ;         ; Column I/O ;                 ; no       ; Off          ;
; 59       ; 63         ; 4        ; GND*                                     ;        ;              ;         ; Column I/O ;                 ; no       ; Off          ;
; 60       ; 64         ; 4        ; y[10]                                    ; output ; 3.3-V LVTTL  ;         ; Column I/O ; N               ; no       ; Off          ;
; 61       ;            ;          ; GND                                      ; gnd    ;              ;         ; --         ;                 ; --       ; --           ;
; 62       ;            ;          ; VCCINT                                   ; power  ;              ; 1.2V    ; --         ;                 ; --       ; --           ;
; 63       ; 72         ; 4        ; a[1]                                     ; input  ; 3.3-V LVTTL  ;         ; Column I/O ; N               ; no       ; Off          ;
; 64       ; 75         ; 4        ; GND*                                     ;        ;              ;         ; Column I/O ;                 ; no       ; Off          ;
; 65       ; 76         ; 4        ; b[4]                                     ; input  ; 3.3-V LVTTL  ;         ; Column I/O ; N               ; no       ; Off          ;
; 66       ;            ; 4        ; VCCIO4                                   ; power  ;              ; 3.3V    ; --         ;                 ; --       ; --           ;
; 67       ; 79         ; 4        ; GND*                                     ;        ;              ;         ; Column I/O ;                 ; no       ; Off          ;
; 68       ;            ;          ; GND                                      ; gnd    ;              ;         ; --         ;                 ; --       ; --           ;
; 69       ; 80         ; 4        ; GND*                                     ;        ;              ;         ; Column I/O ;                 ; no       ; Off          ;
; 70       ; 81         ; 4        ; GND*                                     ;        ;              ;         ; Column I/O ;                 ; no       ; Off          ;
; 71       ; 82         ; 4        ; GND*                                     ;        ;              ;         ; Column I/O ;                 ; no       ; Off          ;
; 72       ; 83         ; 4        ; GND*                                     ;        ;              ;         ; Column I/O ;                 ; no       ; Off          ;
; 73       ; 84         ; 3        ; GND*                                     ;        ;              ;         ; Row I/O    ;                 ; no       ; Off          ;
; 74       ; 85         ; 3        ; GND*                                     ;        ;              ;         ; Row I/O    ;                 ; no       ; Off          ;
; 75       ; 86         ; 3        ; GND*                                     ;        ;              ;         ; Row I/O    ;                 ; no       ; Off          ;
; 76       ; 87         ; 3        ; ~LVDS41p/nCEO~                           ; output ; 3.3-V LVTTL  ;         ; Row I/O    ; N               ; no       ; Off          ;
; 77       ;            ; 3        ; VCCIO3                                   ; power  ;              ; 3.3V    ; --         ;                 ; --       ; --           ;
; 78       ;            ;          ; GND                                      ; gnd    ;              ;         ; --         ;                 ; --       ; --           ;
; 79       ; 95         ; 3        ; GND*                                     ;        ;              ;         ; Row I/O    ;                 ; no       ; Off          ;
; 80       ; 97         ; 3        ; GND*                                     ;        ;              ;         ; Row I/O    ;                 ; no       ; Off          ;
; 81       ; 98         ; 3        ; b[7]                                     ; input  ; 3.3-V LVTTL  ;         ; Row I/O    ; N               ; no       ; Off          ;
; 82       ; 99         ; 3        ; ^nSTATUS                                 ;        ;              ;         ; --         ;                 ; --       ; --           ;
; 83       ; 100        ; 3        ; ^CONF_DONE                               ;        ;              ;         ; --         ;                 ; --       ; --           ;
; 84       ; 101        ; 3        ; ^MSEL1                                   ;        ;              ;         ; --         ;                 ; --       ; --           ;
; 85       ; 102        ; 3        ; ^MSEL0                                   ;        ;              ;         ; --         ;                 ; --       ; --           ;
; 86       ; 103        ; 3        ; a[0]                                     ; input  ; 3.3-V LVTTL  ;         ; Row I/O    ; N               ; no       ; Off          ;
; 87       ; 104        ; 3        ; y[13]                                    ; output ; 3.3-V LVTTL  ;         ; Row I/O    ; N               ; no       ; Off          ;
; 88       ; 105        ; 3        ; GND+                                     ;        ;              ;         ; Row I/O    ;                 ; --       ; --           ;
; 89       ; 106        ; 3        ; GND+                                     ;        ;              ;         ; Row I/O    ;                 ; --       ; --           ;
; 90       ; 107        ; 3        ; GND+                                     ;        ;              ;         ; Row I/O    ;                 ; --       ; --           ;
; 91       ; 108        ; 3        ; GND+                                     ;        ;              ;         ; Row I/O    ;                 ; --       ; --           ;
; 92       ; 109        ; 3        ; y[8]                                     ; output ; 3.3-V LVTTL  ;         ; Row I/O    ; N               ; no       ; Off          ;
; 93       ; 110        ; 3        ; y[15]                                    ; output ; 3.3-V LVTTL  ;         ; Row I/O    ; N               ; no       ; Off          ;
; 94       ; 111        ; 3        ; b[1]                                     ; input  ; 3.3-V LVTTL  ;         ; Row I/O    ; N               ; no       ; Off          ;
; 95       ;            ; 3        ; VCCIO3                                   ; power  ;              ; 3.3V    ; --         ;                 ; --       ; --           ;
; 96       ; 112        ; 3        ; y[6]                                     ; output ; 3.3-V LVTTL  ;         ; Row I/O    ; N               ; no       ; Off          ;
; 97       ; 113        ; 3        ; b[6]                                     ; input  ; 3.3-V LVTTL  ;         ; Row I/O    ; N               ; no       ; Off          ;
; 98       ;            ;          ; GND                                      ; gnd    ;              ;         ; --         ;                 ; --       ; --           ;
; 99       ; 119        ; 3        ; y[11]                                    ; output ; 3.3-V LVTTL  ;         ; Row I/O    ; N               ; no       ; Off          ;
; 100      ; 120        ; 3        ; y[12]                                    ; output ; 3.3-V LVTTL  ;         ; Row I/O    ; N               ; no       ; Off          ;
; 101      ; 121        ; 3        ; y[9]                                     ; output ; 3.3-V LVTTL  ;         ; Row I/O    ; N               ; no       ; Off          ;
; 102      ;            ; 3        ; VCCIO3                                   ; power  ;              ; 3.3V    ; --         ;                 ; --       ; --           ;
; 103      ; 125        ; 3        ; a[7]                                     ; input  ; 3.3-V LVTTL  ;         ; Row I/O    ; N               ; no       ; Off          ;
; 104      ; 126        ; 3        ; y[2]                                     ; output ; 3.3-V LVTTL  ;         ; Row I/O    ; N               ; no       ; Off          ;
; 105      ;            ;          ; GND                                      ; gnd    ;              ;         ; --         ;                 ; --       ; --           ;
; 106      ;            ;          ; GND_PLL2                                 ; gnd    ;              ;         ; --         ;                 ; --       ; --           ;
; 107      ;            ;          ; VCCD_PLL2                                ; power  ;              ; 1.2V    ; --         ;                 ; --       ; --           ;
; 108      ;            ;          ; GND_PLL2                                 ; gnd    ;              ;         ; --         ;                 ; --       ; --           ;
; 109      ;            ;          ; VCCA_PLL2                                ; power  ;              ; 1.2V    ; --         ;                 ; --       ; --           ;
; 110      ;            ;          ; GNDA_PLL2                                ; gnd    ;              ;         ; --         ;                 ; --       ; --           ;
; 111      ;            ;          ; GND                                      ; gnd    ;              ;         ; --         ;                 ; --       ; --           ;
; 112      ; 127        ; 2        ; b[5]                                     ; input  ; 3.3-V LVTTL  ;         ; Column I/O ; N               ; no       ; Off          ;
; 113      ; 128        ; 2        ; GND*                                     ;        ;              ;         ; Column I/O ;                 ; no       ; Off          ;
; 114      ; 129        ; 2        ; GND*                                     ;        ;              ;         ; Column I/O ;                 ; no       ; Off          ;
; 115      ; 130        ; 2        ; GND*                                     ;        ;              ;         ; Column I/O ;                 ; no       ; Off          ;
; 116      ;            ; 2        ; VCCIO2                                   ; power  ;              ; 3.3V    ; --         ;                 ; --       ; --           ;
; 117      ;            ;          ; GND                                      ; gnd    ;              ;         ; --         ;                 ; --       ; --           ;
; 118      ; 134        ; 2        ; a[4]                                     ; input  ; 3.3-V LVTTL  ;         ; Column I/O ; N               ; no       ; Off          ;
; 119      ; 135        ; 2        ; a[6]                                     ; input  ; 3.3-V LVTTL  ;         ; Column I/O ; N               ; no       ; Off          ;
; 120      ; 137        ; 2        ; a[5]                                     ; input  ; 3.3-V LVTTL  ;         ; Column I/O ; N               ; no       ; Off          ;
; 121      ; 138        ; 2        ; b[0]                                     ; input  ; 3.3-V LVTTL  ;         ; Column I/O ; N               ; no       ; Off          ;
; 122      ; 139        ; 2        ; y[0]                                     ; output ; 3.3-V LVTTL  ;         ; Column I/O ; N               ; no       ; Off          ;
; 123      ;            ;          ; GND                                      ; gnd    ;              ;         ; --         ;                 ; --       ; --           ;
; 124      ;            ;          ; VCCINT                                   ; power  ;              ; 1.2V    ; --         ;                 ; --       ; --           ;
; 125      ; 144        ; 2        ; a[3]                                     ; input  ; 3.3-V LVTTL  ;         ; Column I/O ; N               ; no       ; Off          ;
; 126      ; 145        ; 2        ; y[4]                                     ; output ; 3.3-V LVTTL  ;         ; Column I/O ; N               ; no       ; Off          ;
; 127      ;            ; 2        ; VCCIO2                                   ; power  ;              ; 3.3V    ; --         ;                 ; --       ; --           ;
; 128      ;            ;          ; GND                                      ; gnd    ;              ;         ; --         ;                 ; --       ; --           ;
; 129      ; 148        ; 2        ; b[2]                                     ; input  ; 3.3-V LVTTL  ;         ; Column I/O ; N               ; no       ; Off          ;
; 130      ;            ;          ; GND                                      ; gnd    ;              ;         ; --         ;                 ; --       ; --           ;
; 131      ;            ;          ; VCCINT                                   ; power  ;              ; 1.2V    ; --         ;                 ; --       ; --           ;
; 132      ; 153        ; 2        ; y[14]                                    ; output ; 3.3-V LVTTL  ;         ; Column I/O ; N               ; no       ; Off          ;
; 133      ; 154        ; 2        ; y[7]                                     ; output ; 3.3-V LVTTL  ;         ; Column I/O ; N               ; no       ; Off          ;
; 134      ; 155        ; 2        ; b[3]                                     ; input  ; 3.3-V LVTTL  ;         ; Column I/O ; N               ; no       ; Off          ;
; 135      ; 162        ; 2        ; y[1]                                     ; output ; 3.3-V LVTTL  ;         ; Column I/O ; N               ; no       ; Off          ;
; 136      ; 163        ; 2        ; y[3]                                     ; output ; 3.3-V LVTTL  ;         ; Column I/O ; N               ; no       ; Off          ;
; 137      ; 164        ; 2        ; GND*                                     ;        ;              ;         ; Column I/O ;                 ; no       ; Off          ;
; 138      ;            ; 2        ; VCCIO2                                   ; power  ;              ; 3.3V    ; --         ;                 ; --       ; --           ;
; 139      ; 165        ; 2        ; GND*                                     ;        ;              ;         ; Column I/O ;                 ; no       ; Off          ;
; 140      ;            ;          ; GND                                      ; gnd    ;              ;         ; --         ;                 ; --       ; --           ;
; 141      ; 166        ; 2        ; GND*                                     ;        ;              ;         ; Column I/O ;                 ; no       ; Off          ;
; 142      ; 167        ; 2        ; GND*                                     ;        ;              ;         ; Column I/O ;                 ; no       ; Off          ;
; 143      ; 168        ; 2        ; GND*                                     ;        ;              ;         ; Column I/O ;                 ; no       ; Off          ;
; 144      ; 169        ; 2        ; GND*                                     ;        ;              ;         ; Column I/O ;                 ; no       ; Off          ;
+----------+------------+----------+------------------------------------------+--------+--------------+---------+------------+-----------------+----------+--------------+


+-------------------------------------------------------------------------------+
; Output Pin Default Load For Reported TCO                                      ;
+----------------------------------+-------+------------------------------------+
; I/O Standard                     ; Load  ; Termination Resistance             ;
+----------------------------------+-------+------------------------------------+
; 3.3-V LVTTL                      ; 0 pF  ; Not Available                      ;
; 3.3-V LVCMOS                     ; 0 pF  ; Not Available                      ;
; 2.5 V                            ; 0 pF  ; Not Available                      ;
; 1.8 V                            ; 0 pF  ; Not Available                      ;
; 1.5 V                            ; 0 pF  ; Not Available                      ;
; 3.3-V PCI                        ; 10 pF ; 25 Ohm (Parallel)                  ;
; 3.3-V PCI-X                      ; 10 pF ; 25 Ohm (Parallel)                  ;
; SSTL-2 Class I                   ; 0 pF  ; 50 Ohm (Parallel), 25 Ohm (Serial) ;
; SSTL-2 Class II                  ; 0 pF  ; 25 Ohm (Parallel), 25 Ohm (Serial) ;
; SSTL-18 Class I                  ; 0 pF  ; 50 Ohm (Parallel), 25 Ohm (Serial) ;
; SSTL-18 Class II                 ; 0 pF  ; 25 Ohm (Parallel), 25 Ohm (Serial) ;
; 1.5-V HSTL Class I               ; 0 pF  ; 50 Ohm (Parallel)                  ;
; 1.5-V HSTL Class II              ; 0 pF  ; 25 Ohm (Parallel)                  ;
; 1.8-V HSTL Class I               ; 0 pF  ; 50 Ohm (Parallel)                  ;
; 1.8-V HSTL Class II              ; 0 pF  ; 25 Ohm (Parallel)                  ;
; Differential SSTL-2              ; 0 pF  ; (See SSTL-2)                       ;
; Differential 2.5-V SSTL Class II ; 0 pF  ; (See SSTL-2 Class II)              ;
; Differential 1.8-V SSTL Class I  ; 0 pF  ; (See 1.8-V SSTL Class I)           ;
; Differential 1.8-V SSTL Class II ; 0 pF  ; (See 1.8-V SSTL Class II)          ;
; Differential 1.5-V HSTL Class I  ; 0 pF  ; (See 1.5-V HSTL Class I)           ;
; Differential 1.5-V HSTL Class II ; 0 pF  ; (See 1.5-V HSTL Class II)          ;
; Differential 1.8-V HSTL Class I  ; 0 pF  ; (See 1.8-V HSTL Class I)           ;
; Differential 1.8-V HSTL Class II ; 0 pF  ; (See 1.8-V HSTL Class II)          ;
; LVDS                             ; 0 pF  ; 100 Ohm (Differential)             ;
; mini-LVDS                        ; 0 pF  ; 100 Ohm (Differential)             ;
; RSDS                             ; 0 pF  ; 100 Ohm (Differential)             ;
; Simple RSDS                      ; 0 pF  ; Not Available                      ;
; Differential LVPECL              ; 0 pF  ; 100 Ohm (Differential)             ;
+----------------------------------+-------+------------------------------------+
Note: User assignments will override these defaults. The user specified values are listed in the Output Pins and Bidir Pins tables.


+-----------------------------------------------------------------------------------------------------------------------------------------------------------------------------------------------------------------------------------------------------------------+
; Fitter Resource Utilization by Entity                                                                                                                                                                                                                           ;
+----------------------------+-------------+---------------------------+---------------+-------------+------+--------------+---------+-----------+------+--------------+--------------+-------------------+------------------+---------------------+--------------+
; Compilation Hierarchy Node ; Logic Cells ; Dedicated Logic Registers ; I/O Registers ; Memory Bits ; M4Ks ; DSP Elements ; DSP 9x9 ; DSP 18x18 ; Pins ; Virtual Pins ; LUT-Only LCs ; Register-Only LCs ; LUT/Register LCs ; Full Hierarchy Name ; Library Name ;
+----------------------------+-------------+---------------------------+---------------+-------------+------+--------------+---------+-----------+------+--------------+--------------+-------------------+------------------+---------------------+--------------+
; |hw3                       ; 128 (128)   ; 0 (0)                     ; 0 (0)         ; 0           ; 0    ; 0            ; 0       ; 0         ; 32   ; 0            ; 128 (128)    ; 0 (0)             ; 0 (0)            ; |hw3                ; work         ;
+----------------------------+-------------+---------------------------+---------------+-------------+------+--------------+---------+-----------+------+--------------+--------------+-------------------+------------------+---------------------+--------------+
Note: For table entries with two numbers listed, the numbers in parentheses indicate the number of resources of the given type used by the specific entity alone. The numbers listed outside of parentheses indicate the total resources of the given type used by the specific entity and all of its sub-entities in the hierarchy.


+--------------------------------------------------------------------------------+
; Delay Chain Summary                                                            ;
+-------+----------+---------------+---------------+-----------------------+-----+
; Name  ; Pin Type ; Pad to Core 0 ; Pad to Core 1 ; Pad to Input Register ; TCO ;
+-------+----------+---------------+---------------+-----------------------+-----+
; y[0]  ; Output   ; --            ; --            ; --                    ; --  ;
; y[1]  ; Output   ; --            ; --            ; --                    ; --  ;
; y[2]  ; Output   ; --            ; --            ; --                    ; --  ;
; y[3]  ; Output   ; --            ; --            ; --                    ; --  ;
; y[4]  ; Output   ; --            ; --            ; --                    ; --  ;
; y[5]  ; Output   ; --            ; --            ; --                    ; --  ;
; y[6]  ; Output   ; --            ; --            ; --                    ; --  ;
; y[7]  ; Output   ; --            ; --            ; --                    ; --  ;
; y[8]  ; Output   ; --            ; --            ; --                    ; --  ;
; y[9]  ; Output   ; --            ; --            ; --                    ; --  ;
; y[10] ; Output   ; --            ; --            ; --                    ; --  ;
; y[11] ; Output   ; --            ; --            ; --                    ; --  ;
; y[12] ; Output   ; --            ; --            ; --                    ; --  ;
; y[13] ; Output   ; --            ; --            ; --                    ; --  ;
; y[14] ; Output   ; --            ; --            ; --                    ; --  ;
; y[15] ; Output   ; --            ; --            ; --                    ; --  ;
; b[0]  ; Input    ; 6             ; 6             ; --                    ; --  ;
; a[0]  ; Input    ; 6             ; 6             ; --                    ; --  ;
; b[1]  ; Input    ; 6             ; 6             ; --                    ; --  ;
; a[1]  ; Input    ; 6             ; 6             ; --                    ; --  ;
; a[2]  ; Input    ; 6             ; 6             ; --                    ; --  ;
; b[2]  ; Input    ; 6             ; 6             ; --                    ; --  ;
; a[3]  ; Input    ; 6             ; 6             ; --                    ; --  ;
; b[3]  ; Input    ; 6             ; 6             ; --                    ; --  ;
; a[4]  ; Input    ; 6             ; 6             ; --                    ; --  ;
; b[4]  ; Input    ; 6             ; 6             ; --                    ; --  ;
; a[5]  ; Input    ; 6             ; 6             ; --                    ; --  ;
; b[5]  ; Input    ; 6             ; 6             ; --                    ; --  ;
; a[6]  ; Input    ; 6             ; 6             ; --                    ; --  ;
; b[6]  ; Input    ; 6             ; 6             ; --                    ; --  ;
; a[7]  ; Input    ; 6             ; 6             ; --                    ; --  ;
; b[7]  ; Input    ; 6             ; 6             ; --                    ; --  ;
+-------+----------+---------------+---------------+-----------------------+-----+


+---------------------------------------------------+
; Pad To Core Delay Chain Fanout                    ;
+---------------------+-------------------+---------+
; Source Pin / Fanout ; Pad To Core Index ; Setting ;
+---------------------+-------------------+---------+
; b[0]                ;                   ;         ;
;      - p0[0]        ; 0                 ; 6       ;
;      - p0[1]        ; 0                 ; 6       ;
;      - p0[2]        ; 0                 ; 6       ;
;      - p0[3]        ; 0                 ; 6       ;
;      - p0[4]        ; 0                 ; 6       ;
;      - p0[5]        ; 0                 ; 6       ;
;      - p0[6]        ; 0                 ; 6       ;
;      - p0[7]        ; 0                 ; 6       ;
; a[0]                ;                   ;         ;
;      - p0[0]        ; 1                 ; 6       ;
;      - p1[1]        ; 1                 ; 6       ;
;      - p2[2]        ; 1                 ; 6       ;
;      - p3[3]        ; 1                 ; 6       ;
;      - p4[4]        ; 1                 ; 6       ;
;      - p5[5]        ; 1                 ; 6       ;
;      - p6[6]        ; 1                 ; 6       ;
;      - p7[7]        ; 1                 ; 6       ;
; b[1]                ;                   ;         ;
;      - Add0~44      ; 0                 ; 6       ;
;      - p1[1]        ; 0                 ; 6       ;
;      - p1[2]        ; 0                 ; 6       ;
;      - p1[3]        ; 0                 ; 6       ;
;      - p1[4]        ; 0                 ; 6       ;
;      - p1[5]        ; 0                 ; 6       ;
;      - p1[6]        ; 0                 ; 6       ;
;      - p1[7]        ; 0                 ; 6       ;
; a[1]                ;                   ;         ;
;      - p0[1]        ; 0                 ; 6       ;
;      - p1[2]        ; 0                 ; 6       ;
;      - p2[3]        ; 0                 ; 6       ;
;      - p3[4]        ; 0                 ; 6       ;
;      - p4[5]        ; 0                 ; 6       ;
;      - p5[6]        ; 0                 ; 6       ;
;      - p6[7]        ; 0                 ; 6       ;
;      - p7[8]        ; 0                 ; 6       ;
; a[2]                ;                   ;         ;
;      - p0[2]        ; 1                 ; 6       ;
;      - p1[3]        ; 1                 ; 6       ;
;      - p2[4]        ; 1                 ; 6       ;
;      - p3[5]        ; 1                 ; 6       ;
;      - p4[6]        ; 1                 ; 6       ;
;      - p5[7]        ; 1                 ; 6       ;
;      - p6[8]        ; 1                 ; 6       ;
;      - p7[9]        ; 1                 ; 6       ;
; b[2]                ;                   ;         ;
;      - p2[2]        ; 0                 ; 6       ;
;      - p2[3]        ; 0                 ; 6       ;
;      - p2[4]        ; 0                 ; 6       ;
;      - p2[5]        ; 0                 ; 6       ;
;      - p2[6]        ; 0                 ; 6       ;
;      - p2[7]        ; 0                 ; 6       ;
;      - p2[8]        ; 0                 ; 6       ;
;      - p2[9]        ; 0                 ; 6       ;
; a[3]                ;                   ;         ;
;      - p0[3]        ; 0                 ; 6       ;
;      - p1[4]        ; 0                 ; 6       ;
;      - p2[5]        ; 0                 ; 6       ;
;      - p3[6]        ; 0                 ; 6       ;
;      - p4[7]        ; 0                 ; 6       ;
;      - p5[8]        ; 0                 ; 6       ;
;      - p6[9]        ; 0                 ; 6       ;
;      - p7[10]       ; 0                 ; 6       ;
; b[3]                ;                   ;         ;
;      - Add1~44      ; 0                 ; 6       ;
;      - p3[3]        ; 0                 ; 6       ;
;      - p3[4]        ; 0                 ; 6       ;
;      - p3[5]        ; 0                 ; 6       ;
;      - p3[6]        ; 0                 ; 6       ;
;      - p3[7]        ; 0                 ; 6       ;
;      - p3[8]        ; 0                 ; 6       ;
;      - p3[9]        ; 0                 ; 6       ;
; a[4]                ;                   ;         ;
;      - p0[4]        ; 0                 ; 6       ;
;      - p1[5]        ; 0                 ; 6       ;
;      - p2[6]        ; 0                 ; 6       ;
;      - p3[7]        ; 0                 ; 6       ;
;      - p4[8]        ; 0                 ; 6       ;
;      - p5[9]        ; 0                 ; 6       ;
;      - p6[10]       ; 0                 ; 6       ;
;      - p7[11]       ; 0                 ; 6       ;
; b[4]                ;                   ;         ;
;      - p4[4]        ; 0                 ; 6       ;
;      - p4[5]        ; 0                 ; 6       ;
;      - p4[6]        ; 0                 ; 6       ;
;      - p4[7]        ; 0                 ; 6       ;
;      - p4[8]        ; 0                 ; 6       ;
;      - p4[9]        ; 0                 ; 6       ;
;      - p4[10]       ; 0                 ; 6       ;
;      - p4[11]       ; 0                 ; 6       ;
; a[5]                ;                   ;         ;
;      - p0[5]        ; 0                 ; 6       ;
;      - p1[6]        ; 0                 ; 6       ;
;      - p2[7]        ; 0                 ; 6       ;
;      - p3[8]        ; 0                 ; 6       ;
;      - p4[9]        ; 0                 ; 6       ;
;      - p5[10]       ; 0                 ; 6       ;
;      - p6[11]       ; 0                 ; 6       ;
;      - p7[12]       ; 0                 ; 6       ;
; b[5]                ;                   ;         ;
;      - Add3~44      ; 0                 ; 6       ;
;      - p5[5]        ; 0                 ; 6       ;
;      - p5[6]        ; 0                 ; 6       ;
;      - p5[7]        ; 0                 ; 6       ;
;      - p5[8]        ; 0                 ; 6       ;
;      - p5[9]        ; 0                 ; 6       ;
;      - p5[10]       ; 0                 ; 6       ;
;      - p5[11]       ; 0                 ; 6       ;
; a[6]                ;                   ;         ;
;      - p0[6]        ; 0                 ; 6       ;
;      - p1[7]        ; 0                 ; 6       ;
;      - p2[8]        ; 0                 ; 6       ;
;      - p3[9]        ; 0                 ; 6       ;
;      - p4[10]       ; 0                 ; 6       ;
;      - p5[11]       ; 0                 ; 6       ;
;      - p6[12]       ; 0                 ; 6       ;
;      - p7[13]       ; 0                 ; 6       ;
; b[6]                ;                   ;         ;
;      - p6[6]        ; 0                 ; 6       ;
;      - p6[7]        ; 0                 ; 6       ;
;      - p6[8]        ; 0                 ; 6       ;
;      - p6[9]        ; 0                 ; 6       ;
;      - p6[10]       ; 0                 ; 6       ;
;      - p6[11]       ; 0                 ; 6       ;
;      - p6[12]       ; 0                 ; 6       ;
;      - p6[13]       ; 0                 ; 6       ;
; a[7]                ;                   ;         ;
;      - Add0~44      ; 0                 ; 6       ;
;      - Add1~44      ; 0                 ; 6       ;
;      - Add3~44      ; 0                 ; 6       ;
;      - Add4~44      ; 0                 ; 6       ;
;      - p0[7]        ; 0                 ; 6       ;
;      - p2[9]        ; 0                 ; 6       ;
;      - p4[11]       ; 0                 ; 6       ;
;      - p6[13]       ; 0                 ; 6       ;
; b[7]                ;                   ;         ;
;      - Add4~44      ; 0                 ; 6       ;
;      - p7[7]        ; 0                 ; 6       ;
;      - p7[8]        ; 0                 ; 6       ;
;      - p7[9]        ; 0                 ; 6       ;
;      - p7[10]       ; 0                 ; 6       ;
;      - p7[11]       ; 0                 ; 6       ;
;      - p7[12]       ; 0                 ; 6       ;
;      - p7[13]       ; 0                 ; 6       ;
+---------------------+-------------------+---------+


+---------------------------------+
; Non-Global High Fan-Out Signals ;
+--------+------------------------+
; Name   ; Fan-Out                ;
+--------+------------------------+
; b[7]   ; 8                      ;
; a[7]   ; 8                      ;
; b[6]   ; 8                      ;
; a[6]   ; 8                      ;
; b[5]   ; 8                      ;
; a[5]   ; 8                      ;
; b[4]   ; 8                      ;
; a[4]   ; 8                      ;
; b[3]   ; 8                      ;
; a[3]   ; 8                      ;
; b[2]   ; 8                      ;
; a[2]   ; 8                      ;
; a[1]   ; 8                      ;
; b[1]   ; 8                      ;
; a[0]   ; 8                      ;
; b[0]   ; 8                      ;
; p6[13] ; 1                      ;
; p7[13] ; 1                      ;
; p6[12] ; 1                      ;
; p7[12] ; 1                      ;
; p6[11] ; 1                      ;
; p7[11] ; 1                      ;
; p4[11] ; 1                      ;
; p5[11] ; 1                      ;
; p6[10] ; 1                      ;
; p7[10] ; 1                      ;
; p4[10] ; 1                      ;
; p5[10] ; 1                      ;
; p6[9]  ; 1                      ;
; p7[9]  ; 1                      ;
; p4[9]  ; 1                      ;
; p5[9]  ; 1                      ;
; p2[9]  ; 1                      ;
; p3[9]  ; 1                      ;
; p6[8]  ; 1                      ;
; p7[8]  ; 1                      ;
; p4[8]  ; 1                      ;
; p5[8]  ; 1                      ;
; p2[8]  ; 1                      ;
; p3[8]  ; 1                      ;
; p6[7]  ; 1                      ;
; p7[7]  ; 1                      ;
; p4[7]  ; 1                      ;
; p5[7]  ; 1                      ;
; p2[7]  ; 1                      ;
; p3[7]  ; 1                      ;
; p0[7]  ; 1                      ;
; p1[7]  ; 1                      ;
; p6[6]  ; 1                      ;
; p4[6]  ; 1                      ;
+--------+------------------------+


+-----------------------------------------------------+
; Interconnect Usage Summary                          ;
+----------------------------+------------------------+
; Interconnect Resource Type ; Usage                  ;
+----------------------------+------------------------+
; Block interconnects        ; 171 / 15,666 ( 1 % )   ;
; C16 interconnects          ; 3 / 812 ( < 1 % )      ;
; C4 interconnects           ; 61 / 11,424 ( < 1 % )  ;
; Direct links               ; 38 / 15,666 ( < 1 % )  ;
; Global clocks              ; 0 / 8 ( 0 % )          ;
; Local interconnects        ; 22 / 4,608 ( < 1 % )   ;
; R24 interconnects          ; 8 / 652 ( 1 % )        ;
; R4 interconnects           ; 121 / 13,328 ( < 1 % ) ;
+----------------------------+------------------------+


+---------------------------------------------------------------------------+
; LAB Logic Elements                                                        ;
+---------------------------------------------+-----------------------------+
; Number of Logic Elements  (Average = 14.22) ; Number of LABs  (Total = 9) ;
+---------------------------------------------+-----------------------------+
; 1                                           ; 0                           ;
; 2                                           ; 0                           ;
; 3                                           ; 0                           ;
; 4                                           ; 0                           ;
; 5                                           ; 0                           ;
; 6                                           ; 1                           ;
; 7                                           ; 0                           ;
; 8                                           ; 0                           ;
; 9                                           ; 0                           ;
; 10                                          ; 1                           ;
; 11                                          ; 0                           ;
; 12                                          ; 0                           ;
; 13                                          ; 0                           ;
; 14                                          ; 0                           ;
; 15                                          ; 0                           ;
; 16                                          ; 7                           ;
+---------------------------------------------+-----------------------------+


+----------------------------------------------------------------------------+
; LAB Signals Sourced                                                        ;
+----------------------------------------------+-----------------------------+
; Number of Signals Sourced  (Average = 14.22) ; Number of LABs  (Total = 9) ;
+----------------------------------------------+-----------------------------+
; 0                                            ; 0                           ;
; 1                                            ; 0                           ;
; 2                                            ; 0                           ;
; 3                                            ; 0                           ;
; 4                                            ; 0                           ;
; 5                                            ; 0                           ;
; 6                                            ; 1                           ;
; 7                                            ; 0                           ;
; 8                                            ; 0                           ;
; 9                                            ; 0                           ;
; 10                                           ; 1                           ;
; 11                                           ; 0                           ;
; 12                                           ; 0                           ;
; 13                                           ; 0                           ;
; 14                                           ; 0                           ;
; 15                                           ; 0                           ;
; 16                                           ; 7                           ;
+----------------------------------------------+-----------------------------+


+--------------------------------------------------------------------------------+
; LAB Signals Sourced Out                                                        ;
+--------------------------------------------------+-----------------------------+
; Number of Signals Sourced Out  (Average = 10.89) ; Number of LABs  (Total = 9) ;
+--------------------------------------------------+-----------------------------+
; 0                                                ; 0                           ;
; 1                                                ; 0                           ;
; 2                                                ; 0                           ;
; 3                                                ; 0                           ;
; 4                                                ; 0                           ;
; 5                                                ; 0                           ;
; 6                                                ; 1                           ;
; 7                                                ; 0                           ;
; 8                                                ; 0                           ;
; 9                                                ; 4                           ;
; 10                                               ; 1                           ;
; 11                                               ; 0                           ;
; 12                                               ; 0                           ;
; 13                                               ; 0                           ;
; 14                                               ; 0                           ;
; 15                                               ; 2                           ;
; 16                                               ; 1                           ;
+--------------------------------------------------+-----------------------------+


+----------------------------------------------------------------------------+
; LAB Distinct Inputs                                                        ;
+----------------------------------------------+-----------------------------+
; Number of Distinct Inputs  (Average = 16.11) ; Number of LABs  (Total = 9) ;
+----------------------------------------------+-----------------------------+
; 0                                            ; 0                           ;
; 1                                            ; 0                           ;
; 2                                            ; 0                           ;
; 3                                            ; 0                           ;
; 4                                            ; 0                           ;
; 5                                            ; 0                           ;
; 6                                            ; 1                           ;
; 7                                            ; 0                           ;
; 8                                            ; 0                           ;
; 9                                            ; 1                           ;
; 10                                           ; 0                           ;
; 11                                           ; 0                           ;
; 12                                           ; 0                           ;
; 13                                           ; 0                           ;
; 14                                           ; 0                           ;
; 15                                           ; 0                           ;
; 16                                           ; 4                           ;
; 17                                           ; 0                           ;
; 18                                           ; 1                           ;
; 19                                           ; 0                           ;
; 20                                           ; 0                           ;
; 21                                           ; 0                           ;
; 22                                           ; 0                           ;
; 23                                           ; 0                           ;
; 24                                           ; 2                           ;
+----------------------------------------------+-----------------------------+


+-------------------------------------------------------------------------+
; Fitter Device Options                                                   ;
+----------------------------------------------+--------------------------+
; Option                                       ; Setting                  ;
+----------------------------------------------+--------------------------+
; Enable user-supplied start-up clock (CLKUSR) ; Off                      ;
; Enable device-wide reset (DEV_CLRn)          ; Off                      ;
; Enable device-wide output enable (DEV_OE)    ; Off                      ;
; Enable INIT_DONE output                      ; Off                      ;
; Configuration scheme                         ; Active Serial            ;
; Error detection CRC                          ; Off                      ;
; nCEO                                         ; As output driving ground ;
; Reserve all unused pins                      ; As output driving ground ;
; Base pin-out file on sameframe device        ; Off                      ;
+----------------------------------------------+--------------------------+


+----------------------------+
; Advanced Data - General    ;
+--------------------+-------+
; Name               ; Value ;
+--------------------+-------+
; Status Code        ; 0     ;
; Desired User Slack ; 0     ;
; Fit Attempts       ; 1     ;
+--------------------+-------+


+-------------------------------------------------------------------------------+
; Advanced Data - Placement Preparation                                         ;
+------------------------------------------------------------------+------------+
; Name                                                             ; Value      ;
+------------------------------------------------------------------+------------+
; Auto Fit Point 1 - Fit Attempt 1                                 ; ff         ;
; Mid Wire Use - Fit Attempt 1                                     ; 1          ;
; Mid Slack - Fit Attempt 1                                        ; 2147483639 ;
; Internal Atom Count - Fit Attempt 1                              ; 129        ;
; LE/ALM Count - Fit Attempt 1                                     ; 129        ;
; LAB Count - Fit Attempt 1                                        ; 10         ;
; Outputs per Lab - Fit Attempt 1                                  ; 9.800      ;
; Inputs per LAB - Fit Attempt 1                                   ; 14.500     ;
; Global Inputs per LAB - Fit Attempt 1                            ; 0.000      ;
; LAB Constraint 'non-global clock + sync load' - Fit Attempt 1    ; 0:10       ;
; LAB Constraint 'non-global controls' - Fit Attempt 1             ; 0:10       ;
; LAB Constraint 'non-global + aclr' - Fit Attempt 1               ; 0:10       ;
; LAB Constraint 'global non-clock non-aclr' - Fit Attempt 1       ; 0:10       ;
; LAB Constraint 'global controls' - Fit Attempt 1                 ; 0:10       ;
; LAB Constraint 'deterministic LABSMUXA/LABXMUXB' - Fit Attempt 1 ; 0:10       ;
; LAB Constraint 'deterministic LABSMUXC/LABXMUXD' - Fit Attempt 1 ; 0:10       ;
; LAB Constraint 'clock / ce pair constraint' - Fit Attempt 1      ; 0:10       ;
; LAB Constraint 'aclr constraint' - Fit Attempt 1                 ; 0:10       ;
; LAB Constraint 'true sload_sclear pair' - Fit Attempt 1          ; 0:10       ;
; LAB Constraint 'constant sload_sclear pair' - Fit Attempt 1      ; 0:10       ;
; LAB Constraint 'has placement constraint' - Fit Attempt 1        ; 0:10       ;
; LEs in Chains - Fit Attempt 1                                    ; 68         ;
; LEs in Long Chains - Fit Attempt 1                               ; 0          ;
; LABs with Chains - Fit Attempt 1                                 ; 7          ;
; LABs with Multiple Chains - Fit Attempt 1                        ; 0          ;
; Time - Fit Attempt 1                                             ; 0          ;
; Time in tsm_tan.dll - Fit Attempt 1                              ; 0.006      ;
+------------------------------------------------------------------+------------+


+--------------------------------------------------+
; Advanced Data - Placement                        ;
+-------------------------------------+------------+
; Name                                ; Value      ;
+-------------------------------------+------------+
; Auto Fit Point 2 - Fit Attempt 1    ; ff         ;
; Early Wire Use - Fit Attempt 1      ; 0          ;
; Early Slack - Fit Attempt 1         ; 2147483639 ;
; Auto Fit Point 4 - Fit Attempt 1    ; ff         ;
; Auto Fit Point 5 - Fit Attempt 1    ; ff         ;
; Mid Wire Use - Fit Attempt 1        ; 1          ;
; Mid Slack - Fit Attempt 1           ; 2147483639 ;
; Auto Fit Point 5 - Fit Attempt 1    ; ff         ;
; Late Wire Use - Fit Attempt 1       ; 1          ;
; Late Slack - Fit Attempt 1          ; 2147483639 ;
; Peak Regional Wire - Fit Attempt 1  ; 0.000      ;
; Auto Fit Point 6 - Fit Attempt 1    ; ff         ;
; Time - Fit Attempt 1                ; 0          ;
; Time in tsm_tan.dll - Fit Attempt 1 ; 0.003      ;
+-------------------------------------+------------+


+--------------------------------------------------+
; Advanced Data - Routing                          ;
+-------------------------------------+------------+
; Name                                ; Value      ;
+-------------------------------------+------------+
; Early Slack - Fit Attempt 1         ; 2147483639 ;
; Early Wire Use - Fit Attempt 1      ; 1          ;
; Peak Regional Wire - Fit Attempt 1  ; 1          ;
; Mid Slack - Fit Attempt 1           ; 2147483639 ;
; Late Slack - Fit Attempt 1          ; 2147483639 ;
; Late Wire Use - Fit Attempt 1       ; 1          ;
; Time - Fit Attempt 1                ; 0          ;
; Time in tsm_tan.dll - Fit Attempt 1 ; 0.016      ;
+-------------------------------------+------------+


+-----------------+
; Fitter Messages ;
+-----------------+
Info: *******************************************************************
Info: Running Quartus II Fitter
    Info: Version 7.1 Build 156 04/30/2007 SJ Web Edition
    Info: Processing started: Fri Feb 01 09:19:20 2008
Info: Command: quartus_fit --read_settings_files=off --write_settings_files=off hw3 -c hw3
Info: Automatically selected device EP2C5T144C6 for design hw3
Info: Fitter is performing an Auto Fit compilation, which may decrease Fitter effort to reduce compilation time
Info: Fitter is using the Classic Timing Analyzer
Info: Timing requirements not specified -- quality metrics such as performance and power consumption may be sacrificed to reduce compilation time.
Info: The Fitter has identified 1 logical partitions of which 0 have a previous placement to use
    Info: Previous placement does not exist for 160 of 160 atoms in partition Top
Info: Device migration not selected. If you intend to use device migration later, you may need to change the pin assignments as they may be incompatible with other devices
    Info: Device EP2C8T144C6 is compatible
Info: Fitter converted 3 user pins into dedicated programming pins
    Info: Pin ~ASDO~ is reserved at location 1
    Info: Pin ~nCSO~ is reserved at location 2
    Info: Pin ~LVDS41p/nCEO~ is reserved at location 76
Warning: No exact pin location assignment(s) for 32 pins of 32 total pins
    Info: Pin y[0] not assigned to an exact location on the device
    Info: Pin y[1] not assigned to an exact location on the device
    Info: Pin y[2] not assigned to an exact location on the device
    Info: Pin y[3] not assigned to an exact location on the device
    Info: Pin y[4] not assigned to an exact location on the device
    Info: Pin y[5] not assigned to an exact location on the device
    Info: Pin y[6] not assigned to an exact location on the device
    Info: Pin y[7] not assigned to an exact location on the device
    Info: Pin y[8] not assigned to an exact location on the device
    Info: Pin y[9] not assigned to an exact location on the device
    Info: Pin y[10] not assigned to an exact location on the device
    Info: Pin y[11] not assigned to an exact location on the device
    Info: Pin y[12] not assigned to an exact location on the device
    Info: Pin y[13] not assigned to an exact location on the device
    Info: Pin y[14] not assigned to an exact location on the device
    Info: Pin y[15] not assigned to an exact location on the device
    Info: Pin b[0] not assigned to an exact location on the device
    Info: Pin a[0] not assigned to an exact location on the device
    Info: Pin b[1] not assigned to an exact location on the device
    Info: Pin a[1] not assigned to an exact location on the device
    Info: Pin a[2] not assigned to an exact location on the device
    Info: Pin b[2] not assigned to an exact location on the device
    Info: Pin a[3] not assigned to an exact location on the device
    Info: Pin b[3] not assigned to an exact location on the device
    Info: Pin a[4] not assigned to an exact location on the device
    Info: Pin b[4] not assigned to an exact location on the device
    Info: Pin a[5] not assigned to an exact location on the device
    Info: Pin b[5] not assigned to an exact location on the device
    Info: Pin a[6] not assigned to an exact location on the device
    Info: Pin b[6] not assigned to an exact location on the device
    Info: Pin a[7] not assigned to an exact location on the device
    Info: Pin b[7] not assigned to an exact location on the device
Info: Starting register packing
Extra Info: Performing register packing on registers with non-logic cell location assignments
Extra Info: Completed register packing on registers with non-logic cell location assignments
Extra Info: Started Fast Input/Output/OE register processing
Extra Info: Finished Fast Input/Output/OE register processing
Extra Info: Moving registers into I/O cells, Multiplier Blocks, and RAM blocks to improve timing and density
Extra Info: Finished moving registers into I/O cells, Multiplier Blocks, and RAM blocks
Info: Finished register packing: elapsed time is 00:00:00
    Extra Info: No registers were packed into other blocks
Info: Statistics of I/O pins that need to be placed that use the same VCCIO and VREF, before I/O pin placement
    Info: Number of I/O pins in group: 32 (unused VREF, 3.30 VCCIO, 16 input, 16 output, 0 bidirectional)
        Info: I/O standards used: 3.3-V LVTTL.
Info: I/O bank details before I/O pin placement
    Info: Statistics of I/O banks
        Info: I/O bank number 1 does not use VREF pins and has unused VCCIO pins. 2 total pin(s) used --  17 pins available
        Info: I/O bank number 2 does not use VREF pins and has unused VCCIO pins. 0 total pin(s) used --  23 pins available
        Info: I/O bank number 3 does not use VREF pins and has unused VCCIO pins. 1 total pin(s) used --  22 pins available
        Info: I/O bank number 4 does not use VREF pins and has unused VCCIO pins. 0 total pin(s) used --  24 pins available
Info: Fitter placement preparation operations beginning
Info: Fitter placement preparation operations ending: elapsed time is 00:00:00
Info: Fitter placement operations beginning
Info: Fitter placement was successful
Info: Fitter placement operations ending: elapsed time is 00:00:00
Info: Fitter routing operations beginning
Info: Average interconnect usage is 0% of the available device resources. Peak interconnect usage is 1%
    Info: The peak interconnect region extends from location X14_Y0 to location X28_Y14
Info: Fitter routing operations ending: elapsed time is 00:00:00
Info: The Fitter performed an Auto Fit compilation.  Optimizations were skipped to reduce compilation time.
    Info: Optimizations that may affect the design's routability were skipped
    Info: Optimizations that may affect the design's timing were skipped
Info: Started post-fitting delay annotation
Warning: Found 16 output pins without output pin load capacitance assignment
    Info: Pin "y[0]" has no specified output pin load capacitance -- assuming default load capacitance of 0 pF for timing analysis
    Info: Pin "y[1]" has no specified output pin load capacitance -- assuming default load capacitance of 0 pF for timing analysis
    Info: Pin "y[2]" has no specified output pin load capacitance -- assuming default load capacitance of 0 pF for timing analysis
    Info: Pin "y[3]" has no specified output pin load capacitance -- assuming default load capacitance of 0 pF for timing analysis
    Info: Pin "y[4]" has no specified output pin load capacitance -- assuming default load capacitance of 0 pF for timing analysis
    Info: Pin "y[5]" has no specified output pin load capacitance -- assuming default load capacitance of 0 pF for timing analysis
    Info: Pin "y[6]" has no specified output pin load capacitance -- assuming default load capacitance of 0 pF for timing analysis
    Info: Pin "y[7]" has no specified output pin load capacitance -- assuming default load capacitance of 0 pF for timing analysis
    Info: Pin "y[8]" has no specified output pin load capacitance -- assuming default load capacitance of 0 pF for timing analysis
    Info: Pin "y[9]" has no specified output pin load capacitance -- assuming default load capacitance of 0 pF for timing analysis
    Info: Pin "y[10]" has no specified output pin load capacitance -- assuming default load capacitance of 0 pF for timing analysis
    Info: Pin "y[11]" has no specified output pin load capacitance -- assuming default load capacitance of 0 pF for timing analysis
    Info: Pin "y[12]" has no specified output pin load capacitance -- assuming default load capacitance of 0 pF for timing analysis
    Info: Pin "y[13]" has no specified output pin load capacitance -- assuming default load capacitance of 0 pF for timing analysis
    Info: Pin "y[14]" has no specified output pin load capacitance -- assuming default load capacitance of 0 pF for timing analysis
    Info: Pin "y[15]" has no specified output pin load capacitance -- assuming default load capacitance of 0 pF for timing analysis
Info: Delay annotation completed successfully
Warning: The Reserve All Unused Pins setting has not been specified, and will default to 'As output driving ground'.
Info: Quartus II Fitter was successful. 0 errors, 3 warnings
    Info: Allocated 204 megabytes of memory during processing
    Info: Processing ended: Fri Feb 01 09:19:23 2008
    Info: Elapsed time: 00:00:03


