Flow report for rpds17
Tue Nov 19 20:59:07 2013
Quartus II Version 9.1 Build 350 03/24/2010 Service Pack 2 SJ Full Version


---------------------
; Table of Contents ;
---------------------
  1. Legal Notice
  2. Flow Summary
  3. Flow Settings
  4. Flow Non-Default Global Settings
  5. Flow Elapsed Time
  6. Flow OS Summary
  7. Flow Log



----------------
; Legal Notice ;
----------------
Copyright (C) 1991-2010 Altera Corporation
Your use of Altera Corporation's design tools, logic functions 
and other software and tools, and its AMPP partner logic 
functions, and any output files from any of the foregoing 
(including device programming or simulation files), and any 
associated documentation or information are expressly subject 
to the terms and conditions of the Altera Program License 
Subscription Agreement, Altera MegaCore Function License 
Agreement, or other applicable license agreement, including, 
without limitation, that your use is for the sole purpose of 
programming logic devices manufactured by Altera and sold by 
Altera or its authorized distributors.  Please refer to the 
applicable agreement for further details.



+------------------------------------------------------------------------------------+
; Flow Summary                                                                       ;
+------------------------------------+-----------------------------------------------+
; Flow Status                        ; Successful - Tue Nov 19 20:59:07 2013         ;
; Quartus II Version                 ; 9.1 Build 350 03/24/2010 SP 2 SJ Full Version ;
; Revision Name                      ; rpds17                                        ;
; Top-level Entity Name              ; rpds17                                        ;
; Family                             ; Cyclone II                                    ;
; Device                             ; EP2C35F672C6                                  ;
; Timing Models                      ; Final                                         ;
; Met timing requirements            ; Yes                                           ;
; Total logic elements               ; 3,550 / 33,216 ( 11 % )                       ;
;     Total combinational functions  ; 3,303 / 33,216 ( 10 % )                       ;
;     Dedicated logic registers      ; 2,045 / 33,216 ( 6 % )                        ;
; Total registers                    ; 2146                                          ;
; Total pins                         ; 148 / 475 ( 31 % )                            ;
; Total virtual pins                 ; 0                                             ;
; Total memory bits                  ; 46,720 / 483,840 ( 10 % )                     ;
; Embedded Multiplier 9-bit elements ; 4 / 70 ( 6 % )                                ;
; Total PLLs                         ; 1 / 4 ( 25 % )                                ;
+------------------------------------+-----------------------------------------------+


+-----------------------------------------+
; Flow Settings                           ;
+-------------------+---------------------+
; Option            ; Setting             ;
+-------------------+---------------------+
; Start date & time ; 11/19/2013 20:57:10 ;
; Main task         ; Compilation         ;
; Revision Name     ; rpds17              ;
+-------------------+---------------------+


+---------------------------------------------------------------------------------------------------------------------------------------------+
; Flow Non-Default Global Settings                                                                                                            ;
+------------------------------------+---------------------------------------------------------+---------------+-------------+----------------+
; Assignment Name                    ; Value                                                   ; Default Value ; Entity Name ; Section Id     ;
+------------------------------------+---------------------------------------------------------+---------------+-------------+----------------+
; COMPILER_SIGNATURE_ID              ; 160604188823.138491262905888                            ; --            ; --          ; --             ;
; IP_TOOL_NAME                       ; ALTPLL                                                  ; --            ; --          ; --             ;
; IP_TOOL_VERSION                    ; 9.1                                                     ; --            ; --          ; --             ;
; MAX_CORE_JUNCTION_TEMP             ; 85                                                      ; --            ; --          ; --             ;
; MIN_CORE_JUNCTION_TEMP             ; 0                                                       ; --            ; --          ; --             ;
; MISC_FILE                          ; \\codex2\kafkapa\My Documents\Desktop\rpds17\rpds17.dpf ; --            ; --          ; --             ;
; MISC_FILE                          ; altpll0.bsf                                             ; --            ; --          ; --             ;
; MISC_FILE                          ; altpll0.cmp                                             ; --            ; --          ; --             ;
; MISC_FILE                          ; altpll0.ppf                                             ; --            ; --          ; --             ;
; PARTITION_COLOR                    ; 16764057                                                ; --            ; --          ; Top            ;
; PARTITION_NETLIST_TYPE             ; SOURCE                                                  ; --            ; --          ; Top            ;
; SOPC_BUILDER_SIGNATURE_ID          ; 002564C170970000014273357DE8                            ; --            ; --          ; --             ;
; USE_GENERATED_PHYSICAL_CONSTRAINTS ; Off                                                     ; --            ; --          ; eda_blast_fpga ;
+------------------------------------+---------------------------------------------------------+---------------+-------------+----------------+


+-----------------------------------------------------------------------------------------------------------------------------+
; Flow Elapsed Time                                                                                                           ;
+-------------------------+--------------+-------------------------+---------------------+------------------------------------+
; Module Name             ; Elapsed Time ; Average Processors Used ; Peak Virtual Memory ; Total CPU Time (on all processors) ;
+-------------------------+--------------+-------------------------+---------------------+------------------------------------+
; Analysis & Synthesis    ; 00:01:07     ; 1.0                     ; 255 MB              ; 00:00:35                           ;
; Fitter                  ; 00:00:24     ; 1.4                     ; 266 MB              ; 00:00:23                           ;
; Assembler               ; 00:00:05     ; 1.0                     ; 224 MB              ; 00:00:03                           ;
; Classic Timing Analyzer ; 00:00:04     ; 1.0                     ; 152 MB              ; 00:00:02                           ;
; Total                   ; 00:01:40     ; --                      ; --                  ; 00:01:03                           ;
+-------------------------+--------------+-------------------------+---------------------+------------------------------------+


+---------------------------------------------------------------------------------------+
; Flow OS Summary                                                                       ;
+-------------------------+------------------+------------+------------+----------------+
; Module Name             ; Machine Hostname ; OS Name    ; OS Version ; Processor type ;
+-------------------------+------------------+------------+------------+----------------+
; Analysis & Synthesis    ; EELECE004        ; Windows XP ; 5.1        ; i686           ;
; Fitter                  ; EELECE004        ; Windows XP ; 5.1        ; i686           ;
; Assembler               ; EELECE004        ; Windows XP ; 5.1        ; i686           ;
; Classic Timing Analyzer ; EELECE004        ; Windows XP ; 5.1        ; i686           ;
+-------------------------+------------------+------------+------------+----------------+


------------
; Flow Log ;
------------
quartus_map --read_settings_files=on --write_settings_files=off rpds17 -c rpds17
quartus_fit --read_settings_files=off --write_settings_files=off rpds17 -c rpds17
quartus_asm --read_settings_files=off --write_settings_files=off rpds17 -c rpds17
quartus_tan --read_settings_files=off --write_settings_files=off rpds17 -c rpds17 --timing_analysis_only



