Flow report for DE2_Clock
Sat Dec 31 21:36:44 2005
Version 5.0 Build 168 06/22/2005 Service Pack 1 SJ Web Edition


---------------------
; Table of Contents ;
---------------------
  1. Legal Notice
  2. Flow Summary
  3. Flow Settings
  4. Flow Elapsed Time
  5. Flow Log



----------------
; Legal Notice ;
----------------
Copyright (C) 1991-2005 Altera Corporation
Your use of Altera Corporation's design tools, logic functions 
and other software and tools, and its AMPP partner logic       
functions, and any output files any of the foregoing           
(including device programming or simulation files), and any    
associated documentation or information are expressly subject  
to the terms and conditions of the Altera Program License      
Subscription Agreement, Altera MegaCore Function License       
Agreement, or other applicable license agreement, including,   
without limitation, that your use is for the sole purpose of   
programming logic devices manufactured by Altera and sold by   
Altera or its authorized distributors.  Please refer to the    
applicable agreement for further details.



+-----------------------------------------------------------------------------------+
; Flow Summary                                                                      ;
+------------------------------------+----------------------------------------------+
; Flow Status                        ; Successful - Sat Dec 31 21:36:43 2005        ;
; Quartus II Version                 ; 5.0 Build 168 06/22/2005 SP 1 SJ Web Edition ;
; Revision Name                      ; DE2_Clock                                    ;
; Top-level Entity Name              ; DE2_CLOCK                                    ;
; Family                             ; Cyclone II                                   ;
; Device                             ; EP2C35F672C6                                 ;
; Timing Models                      ; Preliminary                                  ;
; Met timing requirements            ; Yes                                          ;
; Total logic elements               ; 157 / 33,216 ( < 1 % )                       ;
; Total registers                    ; 104                                          ;
; Total pins                         ; 16 / 475 ( 3 % )                             ;
; Total virtual pins                 ; 0                                            ;
; Total memory bits                  ; 0 / 483,840 ( 0 % )                          ;
; Embedded Multiplier 9-bit elements ; 0 / 70 ( 0 % )                               ;
; Total PLLs                         ; 0 / 4 ( 0 % )                                ;
+------------------------------------+----------------------------------------------+


+-----------------------------------------+
; Flow Settings                           ;
+-------------------+---------------------+
; Option            ; Setting             ;
+-------------------+---------------------+
; Start date & time ; 12/31/2005 21:36:10 ;
; Main task         ; Compilation         ;
; Revision Name     ; DE2_Clock           ;
+-------------------+---------------------+


+-------------------------------------+
; Flow Elapsed Time                   ;
+----------------------+--------------+
; Module Name          ; Elapsed Time ;
+----------------------+--------------+
; Analysis & Synthesis ; 00:00:04     ;
; Fitter               ; 00:00:16     ;
; Assembler            ; 00:00:09     ;
; Timing Analyzer      ; 00:00:00     ;
; Total                ; 00:00:29     ;
+----------------------+--------------+


------------
; Flow Log ;
------------
quartus_map --read_settings_files=on --write_settings_files=off DE2_Clock -c DE2_Clock
quartus_fit --read_settings_files=off --write_settings_files=off DE2_Clock -c DE2_Clock
quartus_asm --read_settings_files=off --write_settings_files=off DE2_Clock -c DE2_Clock
quartus_tan --read_settings_files=off --write_settings_files=off DE2_Clock -c DE2_Clock --timing_analysis_only



