Flow report for piggyGame
Thu Apr 12 09:21:21 2012
Quartus II Version 9.1 Build 304 01/25/2010 Service Pack 1 SJ Web Edition


---------------------
; Table of Contents ;
---------------------
  1. Legal Notice
  2. Flow Summary
  3. Flow Settings
  4. Flow Non-Default Global Settings
  5. Flow Elapsed Time
  6. Flow OS Summary
  7. Flow Log



----------------
; Legal Notice ;
----------------
Copyright (C) 1991-2010 Altera Corporation
Your use of Altera Corporation's design tools, logic functions 
and other software and tools, and its AMPP partner logic 
functions, and any output files from any of the foregoing 
(including device programming or simulation files), and any 
associated documentation or information are expressly subject 
to the terms and conditions of the Altera Program License 
Subscription Agreement, Altera MegaCore Function License 
Agreement, or other applicable license agreement, including, 
without limitation, that your use is for the sole purpose of 
programming logic devices manufactured by Altera and sold by 
Altera or its authorized distributors.  Please refer to the 
applicable agreement for further details.



+-----------------------------------------------------------------------------------+
; Flow Summary                                                                      ;
+------------------------------------+----------------------------------------------+
; Flow Status                        ; Successful - Thu Apr 12 09:21:21 2012        ;
; Quartus II Version                 ; 9.1 Build 304 01/25/2010 SP 1 SJ Web Edition ;
; Revision Name                      ; piggyGame                                    ;
; Top-level Entity Name              ; piggyGame                                    ;
; Family                             ; Cyclone II                                   ;
; Met timing requirements            ; No                                           ;
; Total logic elements               ; 86 / 4,608 ( 2 % )                           ;
;     Total combinational functions  ; 86 / 4,608 ( 2 % )                           ;
;     Dedicated logic registers      ; 4 / 4,608 ( < 1 % )                          ;
; Total registers                    ; 4                                            ;
; Total pins                         ; 8 / 89 ( 9 % )                               ;
; Total virtual pins                 ; 0                                            ;
; Total memory bits                  ; 0 / 119,808 ( 0 % )                          ;
; Embedded Multiplier 9-bit elements ; 0 / 26 ( 0 % )                               ;
; Total PLLs                         ; 0 / 2 ( 0 % )                                ;
; Device                             ; EP2C5T144C6                                  ;
; Timing Models                      ; Final                                        ;
+------------------------------------+----------------------------------------------+


+-----------------------------------------+
; Flow Settings                           ;
+-------------------+---------------------+
; Option            ; Setting             ;
+-------------------+---------------------+
; Start date & time ; 04/12/2012 09:21:06 ;
; Main task         ; Compilation         ;
; Revision Name     ; piggyGame           ;
+-------------------+---------------------+


+------------------------------------------------------------------------------------------------------------------+
; Flow Non-Default Global Settings                                                                                 ;
+------------------------------------+------------------------------+---------------+-------------+----------------+
; Assignment Name                    ; Value                        ; Default Value ; Entity Name ; Section Id     ;
+------------------------------------+------------------------------+---------------+-------------+----------------+
; COMPILER_SIGNATURE_ID              ; 136931650957.133423686604532 ; --            ; --          ; --             ;
; PARTITION_COLOR                    ; 16764057                     ; --            ; --          ; Top            ;
; PARTITION_NETLIST_TYPE             ; SOURCE                       ; --            ; --          ; Top            ;
; USE_GENERATED_PHYSICAL_CONSTRAINTS ; Off                          ; --            ; --          ; eda_blast_fpga ;
+------------------------------------+------------------------------+---------------+-------------+----------------+


+-----------------------------------------------------------------------------------------------------------------------------+
; Flow Elapsed Time                                                                                                           ;
+-------------------------+--------------+-------------------------+---------------------+------------------------------------+
; Module Name             ; Elapsed Time ; Average Processors Used ; Peak Virtual Memory ; Total CPU Time (on all processors) ;
+-------------------------+--------------+-------------------------+---------------------+------------------------------------+
; Analysis & Synthesis    ; 00:00:02     ; 1.0                     ; 211 MB              ; 00:00:02                           ;
; Fitter                  ; 00:00:06     ; 1.0                     ; 190 MB              ; 00:00:03                           ;
; Assembler               ; 00:00:02     ; 1.0                     ; 175 MB              ; 00:00:01                           ;
; Classic Timing Analyzer ; 00:00:00     ; 1.0                     ; 137 MB              ; 00:00:00                           ;
; Total                   ; 00:00:10     ; --                      ; --                  ; 00:00:06                           ;
+-------------------------+--------------+-------------------------+---------------------+------------------------------------+


+------------------------------------------------------------------------------------------+
; Flow OS Summary                                                                          ;
+-------------------------+------------------+---------------+------------+----------------+
; Module Name             ; Machine Hostname ; OS Name       ; OS Version ; Processor type ;
+-------------------------+------------------+---------------+------------+----------------+
; Analysis & Synthesis    ; Paul-PC          ; Windows Vista ; 6.0        ; i686           ;
; Fitter                  ; Paul-PC          ; Windows Vista ; 6.0        ; i686           ;
; Assembler               ; Paul-PC          ; Windows Vista ; 6.0        ; i686           ;
; Classic Timing Analyzer ; Paul-PC          ; Windows Vista ; 6.0        ; i686           ;
+-------------------------+------------------+---------------+------------+----------------+


------------
; Flow Log ;
------------
quartus_map --read_settings_files=on --write_settings_files=off piggyGame -c piggyGame
quartus_fit --read_settings_files=off --write_settings_files=off piggyGame -c piggyGame
quartus_asm --read_settings_files=off --write_settings_files=off piggyGame -c piggyGame
quartus_tan --read_settings_files=off --write_settings_files=off piggyGame -c piggyGame --timing_analysis_only



