Classic Timing Analyzer report for hw3b
Wed Sep 25 10:14:04 2013
Quartus II Version 9.1 Build 304 01/25/2010 Service Pack 1 SJ Web Edition


---------------------
; Table of Contents ;
---------------------
  1. Legal Notice
  2. Timing Analyzer Summary
  3. Timing Analyzer Settings
  4. Parallel Compilation
  5. tpd
  6. Timing Analyzer Messages



----------------
; Legal Notice ;
----------------
Copyright (C) 1991-2010 Altera Corporation
Your use of Altera Corporation's design tools, logic functions 
and other software and tools, and its AMPP partner logic 
functions, and any output files from any of the foregoing 
(including device programming or simulation files), and any 
associated documentation or information are expressly subject 
to the terms and conditions of the Altera Program License 
Subscription Agreement, Altera MegaCore Function License 
Agreement, or other applicable license agreement, including, 
without limitation, that your use is for the sole purpose of 
programming logic devices manufactured by Altera and sold by 
Altera or its authorized distributors.  Please refer to the 
applicable agreement for further details.



+-------------------------------------------------------------------------------------------------------------------------+
; Timing Analyzer Summary                                                                                                 ;
+------------------------------+-------+---------------+-------------+------+------+------------+----------+--------------+
; Type                         ; Slack ; Required Time ; Actual Time ; From ; To   ; From Clock ; To Clock ; Failed Paths ;
+------------------------------+-------+---------------+-------------+------+------+------------+----------+--------------+
; Worst-case tpd               ; N/A   ; None          ; 12.681 ns   ; s[2] ; f[2] ; --         ; --       ; 0            ;
; Total number of failed paths ;       ;               ;             ;      ;      ;            ;          ; 0            ;
+------------------------------+-------+---------------+-------------+------+------+------------+----------+--------------+


+-----------------------------------------------------------------------------------------------------------------------------------------------------+
; Timing Analyzer Settings                                                                                                                            ;
+------------------------------------------------------------------------------------------------------+--------------------+------+----+-------------+
; Option                                                                                               ; Setting            ; From ; To ; Entity Name ;
+------------------------------------------------------------------------------------------------------+--------------------+------+----+-------------+
; Device Name                                                                                          ; EP2C5F256C6        ;      ;    ;             ;
; Timing Models                                                                                        ; Final              ;      ;    ;             ;
; Default hold multicycle                                                                              ; Same as Multicycle ;      ;    ;             ;
; Cut paths between unrelated clock domains                                                            ; On                 ;      ;    ;             ;
; Cut off read during write signal paths                                                               ; On                 ;      ;    ;             ;
; Cut off feedback from I/O pins                                                                       ; On                 ;      ;    ;             ;
; Report Combined Fast/Slow Timing                                                                     ; Off                ;      ;    ;             ;
; Ignore Clock Settings                                                                                ; Off                ;      ;    ;             ;
; Analyze latches as synchronous elements                                                              ; On                 ;      ;    ;             ;
; Enable Recovery/Removal analysis                                                                     ; Off                ;      ;    ;             ;
; Enable Clock Latency                                                                                 ; Off                ;      ;    ;             ;
; Use TimeQuest Timing Analyzer                                                                        ; Off                ;      ;    ;             ;
; Minimum Core Junction Temperature                                                                    ; 0                  ;      ;    ;             ;
; Maximum Core Junction Temperature                                                                    ; 85                 ;      ;    ;             ;
; Number of source nodes to report per destination node                                                ; 10                 ;      ;    ;             ;
; Number of destination nodes to report                                                                ; 10                 ;      ;    ;             ;
; Number of paths to report                                                                            ; 200                ;      ;    ;             ;
; Report Minimum Timing Checks                                                                         ; Off                ;      ;    ;             ;
; Use Fast Timing Models                                                                               ; Off                ;      ;    ;             ;
; Report IO Paths Separately                                                                           ; Off                ;      ;    ;             ;
; Perform Multicorner Analysis                                                                         ; On                 ;      ;    ;             ;
; Reports the worst-case path for each clock domain and analysis                                       ; Off                ;      ;    ;             ;
; Reports worst-case timing paths for each clock domain and analysis                                   ; On                 ;      ;    ;             ;
; Specifies the maximum number of worst-case timing paths to report for each clock domain and analysis ; 100                ;      ;    ;             ;
; Removes common clock path pessimism (CCPP) during slack computation                                  ; Off                ;      ;    ;             ;
; Output I/O Timing Endpoint                                                                           ; Near End           ;      ;    ;             ;
+------------------------------------------------------------------------------------------------------+--------------------+------+----+-------------+


Parallel compilation was disabled, but you have multiple processors available. Enable parallel compilation to reduce compilation time.
+-------------------------------------+
; Parallel Compilation                ;
+----------------------------+--------+
; Processors                 ; Number ;
+----------------------------+--------+
; Number detected on machine ; 2      ;
; Maximum allowed            ; 1      ;
+----------------------------+--------+


+-----------------------------------------------------------+
; tpd                                                       ;
+-------+-------------------+-----------------+------+------+
; Slack ; Required P2P Time ; Actual P2P Time ; From ; To   ;
+-------+-------------------+-----------------+------+------+
; N/A   ; None              ; 12.681 ns       ; s[2] ; f[2] ;
; N/A   ; None              ; 12.429 ns       ; s[3] ; f[2] ;
; N/A   ; None              ; 12.265 ns       ; b[0] ; f[0] ;
; N/A   ; None              ; 12.080 ns       ; s[1] ; f[2] ;
; N/A   ; None              ; 11.929 ns       ; s[2] ; f[3] ;
; N/A   ; None              ; 11.775 ns       ; s[0] ; f[2] ;
; N/A   ; None              ; 11.740 ns       ; s[2] ; f[0] ;
; N/A   ; None              ; 11.689 ns       ; a[3] ; f[3] ;
; N/A   ; None              ; 11.669 ns       ; s[3] ; f[3] ;
; N/A   ; None              ; 11.484 ns       ; s[3] ; f[0] ;
; N/A   ; None              ; 11.464 ns       ; a[0] ; f[0] ;
; N/A   ; None              ; 11.450 ns       ; s[2] ; f[1] ;
; N/A   ; None              ; 11.205 ns       ; s[3] ; f[1] ;
; N/A   ; None              ; 11.075 ns       ; s[1] ; f[3] ;
; N/A   ; None              ; 10.680 ns       ; b[1] ; f[1] ;
; N/A   ; None              ; 10.535 ns       ; s[1] ; f[1] ;
; N/A   ; None              ; 10.439 ns       ; s[0] ; f[3] ;
; N/A   ; None              ; 10.382 ns       ; s[1] ; f[0] ;
; N/A   ; None              ; 9.959 ns        ; s[0] ; f[1] ;
; N/A   ; None              ; 9.621 ns        ; s[0] ; f[0] ;
; N/A   ; None              ; 8.232 ns        ; b[2] ; f[2] ;
; N/A   ; None              ; 8.195 ns        ; a[2] ; f[2] ;
; N/A   ; None              ; 7.465 ns        ; b[3] ; f[3] ;
; N/A   ; None              ; 6.997 ns        ; a[1] ; f[1] ;
+-------+-------------------+-----------------+------+------+


+--------------------------+
; Timing Analyzer Messages ;
+--------------------------+
Info: *******************************************************************
Info: Running Quartus II Classic Timing Analyzer
    Info: Version 9.1 Build 304 01/25/2010 Service Pack 1 SJ Web Edition
    Info: Processing started: Wed Sep 25 10:14:03 2013
Info: Command: quartus_tan --read_settings_files=off --write_settings_files=off hw3b -c hw3b --timing_analysis_only
Info: Longest tpd from source pin "s[2]" to destination pin "f[2]" is 12.681 ns
    Info: 1: + IC(0.000 ns) + CELL(0.840 ns) = 0.840 ns; Loc. = PIN_F8; Fanout = 10; PIN Node = 's[2]'
    Info: 2: + IC(5.776 ns) + CELL(0.150 ns) = 6.766 ns; Loc. = LCCOMB_X2_Y5_N30; Fanout = 1; COMB Node = 'Mux1~10'
    Info: 3: + IC(0.240 ns) + CELL(0.150 ns) = 7.156 ns; Loc. = LCCOMB_X2_Y5_N24; Fanout = 1; COMB Node = 'Mux1~11'
    Info: 4: + IC(0.251 ns) + CELL(0.275 ns) = 7.682 ns; Loc. = LCCOMB_X2_Y5_N22; Fanout = 1; COMB Node = 'Mux1~9'
    Info: 5: + IC(2.230 ns) + CELL(2.769 ns) = 12.681 ns; Loc. = PIN_E14; Fanout = 0; PIN Node = 'f[2]'
    Info: Total cell delay = 4.184 ns ( 32.99 % )
    Info: Total interconnect delay = 8.497 ns ( 67.01 % )
Info: Quartus II Classic Timing Analyzer was successful. 0 errors, 0 warnings
    Info: Peak virtual memory: 169 megabytes
    Info: Processing ended: Wed Sep 25 10:14:04 2013
    Info: Elapsed time: 00:00:01
    Info: Total CPU time (on all processors): 00:00:01


