Analysis & Synthesis report for Lab3
Mon Feb 07 18:34:19 2011
Quartus II Version 9.1 Build 222 10/21/2009 SJ Web Edition


---------------------
; Table of Contents ;
---------------------
  1. Legal Notice
  2. Analysis & Synthesis Summary
  3. Analysis & Synthesis Settings
  4. Parallel Compilation
  5. Analysis & Synthesis Source Files Read
  6. Analysis & Synthesis Resource Usage Summary
  7. Analysis & Synthesis Resource Utilization by Entity
  8. General Register Statistics
  9. Parameter Settings for User Entity Instance: test:inst6|LPM_INV:inst1
 10. Parameter Settings for User Entity Instance: lpm_divide0:inst9|lpm_divide:LPM_DIVIDE_component
 11. Parameter Settings for User Entity Instance: test:inst2|LPM_INV:inst1
 12. Analysis & Synthesis Messages



----------------
; Legal Notice ;
----------------
Copyright (C) 1991-2009 Altera Corporation
Your use of Altera Corporation's design tools, logic functions 
and other software and tools, and its AMPP partner logic 
functions, and any output files from any of the foregoing 
(including device programming or simulation files), and any 
associated documentation or information are expressly subject 
to the terms and conditions of the Altera Program License 
Subscription Agreement, Altera MegaCore Function License 
Agreement, or other applicable license agreement, including, 
without limitation, that your use is for the sole purpose of 
programming logic devices manufactured by Altera and sold by 
Altera or its authorized distributors.  Please refer to the 
applicable agreement for further details.



+------------------------------------------------------------------------------+
; Analysis & Synthesis Summary                                                 ;
+------------------------------------+-----------------------------------------+
; Analysis & Synthesis Status        ; Successful - Mon Feb 07 18:34:18 2011   ;
; Quartus II Version                 ; 9.1 Build 222 10/21/2009 SJ Web Edition ;
; Revision Name                      ; Lab3                                    ;
; Top-level Entity Name              ; Lab3                                    ;
; Family                             ; Cyclone II                              ;
; Total logic elements               ; 28                                      ;
;     Total combinational functions  ; 28                                      ;
;     Dedicated logic registers      ; 0                                       ;
; Total registers                    ; 0                                       ;
; Total pins                         ; 63                                      ;
; Total virtual pins                 ; 0                                       ;
; Total memory bits                  ; 0                                       ;
; Embedded Multiplier 9-bit elements ; 0                                       ;
; Total PLLs                         ; 0                                       ;
+------------------------------------+-----------------------------------------+


+----------------------------------------------------------------------------------------------------------------------+
; Analysis & Synthesis Settings                                                                                        ;
+----------------------------------------------------------------------------+--------------------+--------------------+
; Option                                                                     ; Setting            ; Default Value      ;
+----------------------------------------------------------------------------+--------------------+--------------------+
; Device                                                                     ; EP2C35F672C6       ;                    ;
; Top-level entity name                                                      ; Lab3               ; Lab3               ;
; Family name                                                                ; Cyclone II         ; Stratix II         ;
; Use smart compilation                                                      ; Off                ; Off                ;
; Enable parallel Assembler and TimeQuest Timing Analyzer during compilation ; On                 ; On                 ;
; Enable compact report table                                                ; Off                ; Off                ;
; Restructure Multiplexers                                                   ; Auto               ; Auto               ;
; Create Debugging Nodes for IP Cores                                        ; Off                ; Off                ;
; Preserve fewer node names                                                  ; On                 ; On                 ;
; Disable OpenCore Plus hardware evaluation                                  ; Off                ; Off                ;
; Verilog Version                                                            ; Verilog_2001       ; Verilog_2001       ;
; VHDL Version                                                               ; VHDL_1993          ; VHDL_1993          ;
; State Machine Processing                                                   ; Auto               ; Auto               ;
; Safe State Machine                                                         ; Off                ; Off                ;
; Extract Verilog State Machines                                             ; On                 ; On                 ;
; Extract VHDL State Machines                                                ; On                 ; On                 ;
; Ignore Verilog initial constructs                                          ; Off                ; Off                ;
; Iteration limit for constant Verilog loops                                 ; 5000               ; 5000               ;
; Iteration limit for non-constant Verilog loops                             ; 250                ; 250                ;
; Add Pass-Through Logic to Inferred RAMs                                    ; On                 ; On                 ;
; Parallel Synthesis                                                         ; Off                ; Off                ;
; DSP Block Balancing                                                        ; Auto               ; Auto               ;
; NOT Gate Push-Back                                                         ; On                 ; On                 ;
; Power-Up Don't Care                                                        ; On                 ; On                 ;
; Remove Redundant Logic Cells                                               ; Off                ; Off                ;
; Remove Duplicate Registers                                                 ; On                 ; On                 ;
; Ignore CARRY Buffers                                                       ; Off                ; Off                ;
; Ignore CASCADE Buffers                                                     ; Off                ; Off                ;
; Ignore GLOBAL Buffers                                                      ; Off                ; Off                ;
; Ignore ROW GLOBAL Buffers                                                  ; Off                ; Off                ;
; Ignore LCELL Buffers                                                       ; Off                ; Off                ;
; Ignore SOFT Buffers                                                        ; On                 ; On                 ;
; Limit AHDL Integers to 32 Bits                                             ; Off                ; Off                ;
; Optimization Technique                                                     ; Balanced           ; Balanced           ;
; Carry Chain Length                                                         ; 70                 ; 70                 ;
; Auto Carry Chains                                                          ; On                 ; On                 ;
; Auto Open-Drain Pins                                                       ; On                 ; On                 ;
; Perform WYSIWYG Primitive Resynthesis                                      ; Off                ; Off                ;
; Auto ROM Replacement                                                       ; On                 ; On                 ;
; Auto RAM Replacement                                                       ; On                 ; On                 ;
; Auto Shift Register Replacement                                            ; Auto               ; Auto               ;
; Auto Clock Enable Replacement                                              ; On                 ; On                 ;
; Strict RAM Replacement                                                     ; Off                ; Off                ;
; Allow Synchronous Control Signals                                          ; On                 ; On                 ;
; Force Use of Synchronous Clear Signals                                     ; Off                ; Off                ;
; Auto RAM to Logic Cell Conversion                                          ; Off                ; Off                ;
; Auto Resource Sharing                                                      ; Off                ; Off                ;
; Allow Any RAM Size For Recognition                                         ; Off                ; Off                ;
; Allow Any ROM Size For Recognition                                         ; Off                ; Off                ;
; Allow Any Shift Register Size For Recognition                              ; Off                ; Off                ;
; Use LogicLock Constraints during Resource Balancing                        ; On                 ; On                 ;
; Ignore translate_off and synthesis_off directives                          ; Off                ; Off                ;
; Timing-Driven Synthesis                                                    ; Off                ; Off                ;
; Show Parameter Settings Tables in Synthesis Report                         ; On                 ; On                 ;
; Ignore Maximum Fan-Out Assignments                                         ; Off                ; Off                ;
; Synchronization Register Chain Length                                      ; 2                  ; 2                  ;
; PowerPlay Power Optimization                                               ; Normal compilation ; Normal compilation ;
; HDL message level                                                          ; Level2             ; Level2             ;
; Suppress Register Optimization Related Messages                            ; Off                ; Off                ;
; Number of Removed Registers Reported in Synthesis Report                   ; 5000               ; 5000               ;
; Number of Inverted Registers Reported in Synthesis Report                  ; 100                ; 100                ;
; Clock MUX Protection                                                       ; On                 ; On                 ;
; Auto Gated Clock Conversion                                                ; Off                ; Off                ;
; Block Design Naming                                                        ; Auto               ; Auto               ;
; SDC constraint protection                                                  ; Off                ; Off                ;
; Synthesis Effort                                                           ; Auto               ; Auto               ;
; Shift Register Replacement - Allow Asynchronous Clear Signal               ; On                 ; On                 ;
; Analysis & Synthesis Message Level                                         ; Medium             ; Medium             ;
; Disable Register Merging Across Hierarchies                                ; Auto               ; Auto               ;
; Resource Aware Inference For Block RAM                                     ; On                 ; On                 ;
+----------------------------------------------------------------------------+--------------------+--------------------+


+------------------------------------------+
; Parallel Compilation                     ;
+----------------------------+-------------+
; Processors                 ; Number      ;
+----------------------------+-------------+
; Number detected on machine ; 2           ;
; Maximum allowed            ; 2           ;
;                            ;             ;
; Average used               ; 1.00        ;
; Maximum used               ; 1           ;
;                            ;             ;
; Usage by Processor         ; % Time Used ;
;     1 processor            ; 100.0%      ;
;     2 processors           ;   0.0%      ;
+----------------------------+-------------+


+-----------------------------------------------------------------------------------------------------------------------------------------------------------------------------+
; Analysis & Synthesis Source Files Read                                                                                                                                      ;
+-----------------------------------------------+-----------------+------------------------------------------+----------------------------------------------------------------+
; File Name with User-Entered Path              ; Used in Netlist ; File Type                                ; File Name with Absolute Path                                   ;
+-----------------------------------------------+-----------------+------------------------------------------+----------------------------------------------------------------+
; Lab3.bdf                                      ; yes             ; User Block Diagram/Schematic File        ; E:/EEL3705 Projects/Lab 3/Lab3.bdf                             ;
; ../Binary to HEX dispay files/lpm_divide0.vhd ; yes             ; User Wizard-Generated File               ; E:/EEL3705 Projects/Binary to HEX dispay files/lpm_divide0.vhd ;
; test.bdf                                      ; yes             ; Auto-Found Block Diagram/Schematic File  ; E:/EEL3705 Projects/Lab 3/test.bdf                             ;
; lpm_inv.tdf                                   ; yes             ; Megafunction                             ; c:/altera/91/quartus/libraries/megafunctions/lpm_inv.tdf       ;
; lpm_divide.tdf                                ; yes             ; Megafunction                             ; c:/altera/91/quartus/libraries/megafunctions/lpm_divide.tdf    ;
; db/lpm_divide_frp.tdf                         ; yes             ; Auto-Generated Megafunction              ; E:/EEL3705 Projects/Lab 3/db/lpm_divide_frp.tdf                ;
; db/sign_div_unsign_akh.tdf                    ; yes             ; Auto-Generated Megafunction              ; E:/EEL3705 Projects/Lab 3/db/sign_div_unsign_akh.tdf           ;
; db/alt_u_div_mve.tdf                          ; yes             ; Auto-Generated Megafunction              ; E:/EEL3705 Projects/Lab 3/db/alt_u_div_mve.tdf                 ;
; db/add_sub_lkc.tdf                            ; yes             ; Auto-Generated Megafunction              ; E:/EEL3705 Projects/Lab 3/db/add_sub_lkc.tdf                   ;
; db/add_sub_mkc.tdf                            ; yes             ; Auto-Generated Megafunction              ; E:/EEL3705 Projects/Lab 3/db/add_sub_mkc.tdf                   ;
+-----------------------------------------------+-----------------+------------------------------------------+----------------------------------------------------------------+


+------------------------------------------------------------------------------------------------------------------------------------------------------------------------------------------------+
; Analysis & Synthesis Resource Usage Summary                                                                                                                                                    ;
+---------------------------------------------+--------------------------------------------------------------------------------------------------------------------------------------------------+
; Resource                                    ; Usage                                                                                                                                            ;
+---------------------------------------------+--------------------------------------------------------------------------------------------------------------------------------------------------+
; Estimated Total logic elements              ; 28                                                                                                                                               ;
;                                             ;                                                                                                                                                  ;
; Total combinational functions               ; 28                                                                                                                                               ;
; Logic element usage by number of LUT inputs ;                                                                                                                                                  ;
;     -- 4 input functions                    ; 21                                                                                                                                               ;
;     -- 3 input functions                    ; 7                                                                                                                                                ;
;     -- <=2 input functions                  ; 0                                                                                                                                                ;
;                                             ;                                                                                                                                                  ;
; Logic elements by mode                      ;                                                                                                                                                  ;
;     -- normal mode                          ; 28                                                                                                                                               ;
;     -- arithmetic mode                      ; 0                                                                                                                                                ;
;                                             ;                                                                                                                                                  ;
; Total registers                             ; 0                                                                                                                                                ;
;     -- Dedicated logic registers            ; 0                                                                                                                                                ;
;     -- I/O registers                        ; 0                                                                                                                                                ;
;                                             ;                                                                                                                                                  ;
; I/O pins                                    ; 63                                                                                                                                               ;
; Maximum fan-out node                        ; lpm_divide0:inst9|lpm_divide:LPM_DIVIDE_component|lpm_divide_frp:auto_generated|sign_div_unsign_akh:divider|alt_u_div_mve:divider|StageOut[32]~4 ;
; Maximum fan-out                             ; 7                                                                                                                                                ;
; Total fan-out                               ; 119                                                                                                                                              ;
; Average fan-out                             ; 1.31                                                                                                                                             ;
+---------------------------------------------+--------------------------------------------------------------------------------------------------------------------------------------------------+


+----------------------------------------------------------------------------------------------------------------------------------------------------------------------------------------------------------------------------------------------------------------------------------------------------------------+
; Analysis & Synthesis Resource Utilization by Entity                                                                                                                                                                                                                                                            ;
+-------------------------------------------+-------------------+--------------+-------------+--------------+---------+-----------+------+--------------+-----------------------------------------------------------------------------------------------------------------------------------------+--------------+
; Compilation Hierarchy Node                ; LC Combinationals ; LC Registers ; Memory Bits ; DSP Elements ; DSP 9x9 ; DSP 18x18 ; Pins ; Virtual Pins ; Full Hierarchy Name                                                                                                                     ; Library Name ;
+-------------------------------------------+-------------------+--------------+-------------+--------------+---------+-----------+------+--------------+-----------------------------------------------------------------------------------------------------------------------------------------+--------------+
; |Lab3                                     ; 28 (0)            ; 0 (0)        ; 0           ; 0            ; 0       ; 0         ; 63   ; 0            ; |Lab3                                                                                                                                   ; work         ;
;    |lpm_divide0:inst9|                    ; 12 (0)            ; 0 (0)        ; 0           ; 0            ; 0       ; 0         ; 0    ; 0            ; |Lab3|lpm_divide0:inst9                                                                                                                 ;              ;
;       |lpm_divide:LPM_DIVIDE_component|   ; 12 (0)            ; 0 (0)        ; 0           ; 0            ; 0       ; 0         ; 0    ; 0            ; |Lab3|lpm_divide0:inst9|lpm_divide:LPM_DIVIDE_component                                                                                 ;              ;
;          |lpm_divide_frp:auto_generated|  ; 12 (0)            ; 0 (0)        ; 0           ; 0            ; 0       ; 0         ; 0    ; 0            ; |Lab3|lpm_divide0:inst9|lpm_divide:LPM_DIVIDE_component|lpm_divide_frp:auto_generated                                                   ;              ;
;             |sign_div_unsign_akh:divider| ; 12 (0)            ; 0 (0)        ; 0           ; 0            ; 0       ; 0         ; 0    ; 0            ; |Lab3|lpm_divide0:inst9|lpm_divide:LPM_DIVIDE_component|lpm_divide_frp:auto_generated|sign_div_unsign_akh:divider                       ;              ;
;                |alt_u_div_mve:divider|    ; 12 (12)           ; 0 (0)        ; 0           ; 0            ; 0       ; 0         ; 0    ; 0            ; |Lab3|lpm_divide0:inst9|lpm_divide:LPM_DIVIDE_component|lpm_divide_frp:auto_generated|sign_div_unsign_akh:divider|alt_u_div_mve:divider ;              ;
;    |test:inst2|                           ; 8 (8)             ; 0 (0)        ; 0           ; 0            ; 0       ; 0         ; 0    ; 0            ; |Lab3|test:inst2                                                                                                                        ;              ;
;    |test:inst6|                           ; 8 (8)             ; 0 (0)        ; 0           ; 0            ; 0       ; 0         ; 0    ; 0            ; |Lab3|test:inst6                                                                                                                        ;              ;
+-------------------------------------------+-------------------+--------------+-------------+--------------+---------+-----------+------+--------------+-----------------------------------------------------------------------------------------------------------------------------------------+--------------+
Note: For table entries with two numbers listed, the numbers in parentheses indicate the number of resources of the given type used by the specific entity alone. The numbers listed outside of parentheses indicate the total resources of the given type used by the specific entity and all of its sub-entities in the hierarchy.


+------------------------------------------------------+
; General Register Statistics                          ;
+----------------------------------------------+-------+
; Statistic                                    ; Value ;
+----------------------------------------------+-------+
; Total registers                              ; 0     ;
; Number of registers using Synchronous Clear  ; 0     ;
; Number of registers using Synchronous Load   ; 0     ;
; Number of registers using Asynchronous Clear ; 0     ;
; Number of registers using Asynchronous Load  ; 0     ;
; Number of registers using Clock Enable       ; 0     ;
; Number of registers using Preset             ; 0     ;
+----------------------------------------------+-------+


+-----------------------------------------------------------------------+
; Parameter Settings for User Entity Instance: test:inst6|LPM_INV:inst1 ;
+----------------+-------+----------------------------------------------+
; Parameter Name ; Value ; Type                                         ;
+----------------+-------+----------------------------------------------+
; LPM_WIDTH      ; 4     ; Untyped                                      ;
+----------------+-------+----------------------------------------------+
Note: In order to hide this table in the UI and the text report file, please set the "Show Parameter Settings Tables in Synthesis Report" option in "Analysis and Synthesis Settings -> More Settings" to "Off".


+------------------------------------------------------------------------------------------------+
; Parameter Settings for User Entity Instance: lpm_divide0:inst9|lpm_divide:LPM_DIVIDE_component ;
+------------------------+----------------+------------------------------------------------------+
; Parameter Name         ; Value          ; Type                                                 ;
+------------------------+----------------+------------------------------------------------------+
; LPM_WIDTHN             ; 7              ; Signed Integer                                       ;
; LPM_WIDTHD             ; 4              ; Signed Integer                                       ;
; LPM_NREPRESENTATION    ; UNSIGNED       ; Untyped                                              ;
; LPM_DREPRESENTATION    ; UNSIGNED       ; Untyped                                              ;
; LPM_PIPELINE           ; 0              ; Untyped                                              ;
; LPM_REMAINDERPOSITIVE  ; TRUE           ; Untyped                                              ;
; MAXIMIZE_SPEED         ; 5              ; Untyped                                              ;
; CBXI_PARAMETER         ; lpm_divide_frp ; Untyped                                              ;
; CARRY_CHAIN            ; MANUAL         ; Untyped                                              ;
; OPTIMIZE_FOR_SPEED     ; 5              ; Untyped                                              ;
; AUTO_CARRY_CHAINS      ; ON             ; AUTO_CARRY                                           ;
; IGNORE_CARRY_BUFFERS   ; OFF            ; IGNORE_CARRY                                         ;
; AUTO_CASCADE_CHAINS    ; ON             ; AUTO_CASCADE                                         ;
; IGNORE_CASCADE_BUFFERS ; OFF            ; IGNORE_CASCADE                                       ;
+------------------------+----------------+------------------------------------------------------+
Note: In order to hide this table in the UI and the text report file, please set the "Show Parameter Settings Tables in Synthesis Report" option in "Analysis and Synthesis Settings -> More Settings" to "Off".


+-----------------------------------------------------------------------+
; Parameter Settings for User Entity Instance: test:inst2|LPM_INV:inst1 ;
+----------------+-------+----------------------------------------------+
; Parameter Name ; Value ; Type                                         ;
+----------------+-------+----------------------------------------------+
; LPM_WIDTH      ; 4     ; Untyped                                      ;
+----------------+-------+----------------------------------------------+
Note: In order to hide this table in the UI and the text report file, please set the "Show Parameter Settings Tables in Synthesis Report" option in "Analysis and Synthesis Settings -> More Settings" to "Off".


+-------------------------------+
; Analysis & Synthesis Messages ;
+-------------------------------+
Info: *******************************************************************
Info: Running Quartus II Analysis & Synthesis
    Info: Version 9.1 Build 222 10/21/2009 SJ Web Edition
    Info: Processing started: Mon Feb 07 18:34:04 2011
Info: Command: quartus_map --read_settings_files=on --write_settings_files=off Lab3 -c Lab3
Info: Parallel compilation is enabled and will use 2 of the 2 processors detected
Info: Found 1 design units, including 1 entities, in source file lab3.bdf
    Info: Found entity 1: Lab3
Info: Found 1 design units, including 1 entities, in source file /eel3705 projects/binary to hex dispay files/binarytohex.bdf
    Info: Found entity 1: binarytohex
Info: Found 1 design units, including 1 entities, in source file /eel3705 projects/binary to hex dispay files/binary4tohex6.bdf
    Info: Found entity 1: binary4tohex6
Info: Found 2 design units, including 1 entities, in source file /eel3705 projects/binary to hex dispay files/lpm_divide0.vhd
    Info: Found design unit 1: lpm_divide0-SYN
    Info: Found entity 1: lpm_divide0
Info: Elaborating entity "Lab3" for the top level hierarchy
Warning: Using design file test.bdf, which is not specified as a design file for the current project, but contains definitions for 1 design units and 1 entities in project
    Info: Found entity 1: test
Info: Elaborating entity "test" for hierarchy "test:inst6"
Warning: No superset bus at connection
Info: Elaborating entity "LPM_INV" for hierarchy "test:inst6|LPM_INV:inst1"
Info: Elaborated megafunction instantiation "test:inst6|LPM_INV:inst1"
Info: Instantiated megafunction "test:inst6|LPM_INV:inst1" with the following parameter:
    Info: Parameter "LPM_WIDTH" = "4"
Info: Elaborating entity "lpm_divide0" for hierarchy "lpm_divide0:inst9"
Info: Elaborating entity "lpm_divide" for hierarchy "lpm_divide0:inst9|lpm_divide:LPM_DIVIDE_component"
Info: Elaborated megafunction instantiation "lpm_divide0:inst9|lpm_divide:LPM_DIVIDE_component"
Info: Instantiated megafunction "lpm_divide0:inst9|lpm_divide:LPM_DIVIDE_component" with the following parameter:
    Info: Parameter "lpm_drepresentation" = "UNSIGNED"
    Info: Parameter "lpm_hint" = "LPM_REMAINDERPOSITIVE=TRUE"
    Info: Parameter "lpm_nrepresentation" = "UNSIGNED"
    Info: Parameter "lpm_type" = "LPM_DIVIDE"
    Info: Parameter "lpm_widthd" = "4"
    Info: Parameter "lpm_widthn" = "7"
Info: Found 1 design units, including 1 entities, in source file db/lpm_divide_frp.tdf
    Info: Found entity 1: lpm_divide_frp
Info: Elaborating entity "lpm_divide_frp" for hierarchy "lpm_divide0:inst9|lpm_divide:LPM_DIVIDE_component|lpm_divide_frp:auto_generated"
Info: Found 1 design units, including 1 entities, in source file db/sign_div_unsign_akh.tdf
    Info: Found entity 1: sign_div_unsign_akh
Info: Elaborating entity "sign_div_unsign_akh" for hierarchy "lpm_divide0:inst9|lpm_divide:LPM_DIVIDE_component|lpm_divide_frp:auto_generated|sign_div_unsign_akh:divider"
Info: Found 1 design units, including 1 entities, in source file db/alt_u_div_mve.tdf
    Info: Found entity 1: alt_u_div_mve
Info: Elaborating entity "alt_u_div_mve" for hierarchy "lpm_divide0:inst9|lpm_divide:LPM_DIVIDE_component|lpm_divide_frp:auto_generated|sign_div_unsign_akh:divider|alt_u_div_mve:divider"
Info: Found 1 design units, including 1 entities, in source file db/add_sub_lkc.tdf
    Info: Found entity 1: add_sub_lkc
Info: Elaborating entity "add_sub_lkc" for hierarchy "lpm_divide0:inst9|lpm_divide:LPM_DIVIDE_component|lpm_divide_frp:auto_generated|sign_div_unsign_akh:divider|alt_u_div_mve:divider|add_sub_lkc:add_sub_0"
Info: Found 1 design units, including 1 entities, in source file db/add_sub_mkc.tdf
    Info: Found entity 1: add_sub_mkc
Info: Elaborating entity "add_sub_mkc" for hierarchy "lpm_divide0:inst9|lpm_divide:LPM_DIVIDE_component|lpm_divide_frp:auto_generated|sign_div_unsign_akh:divider|alt_u_div_mve:divider|add_sub_mkc:add_sub_1"
Warning: Output pins are stuck at VCC or GND
    Warning (13410): Pin "HEX2[6]" is stuck at VCC
    Warning (13410): Pin "HEX2[5]" is stuck at VCC
    Warning (13410): Pin "HEX2[4]" is stuck at VCC
    Warning (13410): Pin "HEX2[3]" is stuck at VCC
    Warning (13410): Pin "HEX2[2]" is stuck at VCC
    Warning (13410): Pin "HEX2[1]" is stuck at VCC
    Warning (13410): Pin "HEX2[0]" is stuck at VCC
    Warning (13410): Pin "HEX3[6]" is stuck at VCC
    Warning (13410): Pin "HEX3[5]" is stuck at VCC
    Warning (13410): Pin "HEX3[4]" is stuck at VCC
    Warning (13410): Pin "HEX3[3]" is stuck at VCC
    Warning (13410): Pin "HEX3[2]" is stuck at VCC
    Warning (13410): Pin "HEX3[1]" is stuck at VCC
    Warning (13410): Pin "HEX3[0]" is stuck at VCC
    Warning (13410): Pin "HEX4[6]" is stuck at VCC
    Warning (13410): Pin "HEX4[5]" is stuck at VCC
    Warning (13410): Pin "HEX4[4]" is stuck at VCC
    Warning (13410): Pin "HEX4[3]" is stuck at VCC
    Warning (13410): Pin "HEX4[2]" is stuck at VCC
    Warning (13410): Pin "HEX4[1]" is stuck at VCC
    Warning (13410): Pin "HEX4[0]" is stuck at VCC
    Warning (13410): Pin "HEX5[6]" is stuck at VCC
    Warning (13410): Pin "HEX5[5]" is stuck at VCC
    Warning (13410): Pin "HEX5[4]" is stuck at VCC
    Warning (13410): Pin "HEX5[3]" is stuck at VCC
    Warning (13410): Pin "HEX5[2]" is stuck at VCC
    Warning (13410): Pin "HEX5[1]" is stuck at VCC
    Warning (13410): Pin "HEX5[0]" is stuck at VCC
    Warning (13410): Pin "HEX6[6]" is stuck at VCC
    Warning (13410): Pin "HEX6[5]" is stuck at VCC
    Warning (13410): Pin "HEX6[4]" is stuck at VCC
    Warning (13410): Pin "HEX6[3]" is stuck at VCC
    Warning (13410): Pin "HEX6[2]" is stuck at VCC
    Warning (13410): Pin "HEX6[1]" is stuck at VCC
    Warning (13410): Pin "HEX6[0]" is stuck at VCC
    Warning (13410): Pin "HEX7[6]" is stuck at VCC
    Warning (13410): Pin "HEX7[5]" is stuck at VCC
    Warning (13410): Pin "HEX7[4]" is stuck at VCC
    Warning (13410): Pin "HEX7[3]" is stuck at VCC
    Warning (13410): Pin "HEX7[2]" is stuck at VCC
    Warning (13410): Pin "HEX7[1]" is stuck at VCC
    Warning (13410): Pin "HEX7[0]" is stuck at VCC
Info: Implemented 91 device resources after synthesis - the final resource count might be different
    Info: Implemented 7 input pins
    Info: Implemented 56 output pins
    Info: Implemented 28 logic cells
Info: Quartus II Analysis & Synthesis was successful. 0 errors, 45 warnings
    Info: Peak virtual memory: 191 megabytes
    Info: Processing ended: Mon Feb 07 18:34:20 2011
    Info: Elapsed time: 00:00:16
    Info: Total CPU time (on all processors): 00:00:03


