Classic Timing Analyzer report for Lab2
Mon Jan 31 20:49:47 2011
Quartus II Version 9.1 Build 222 10/21/2009 SJ Web Edition


---------------------
; Table of Contents ;
---------------------
  1. Legal Notice
  2. Timing Analyzer Summary
  3. Timing Analyzer Settings
  4. Parallel Compilation
  5. tpd
  6. Timing Analyzer Messages



----------------
; Legal Notice ;
----------------
Copyright (C) 1991-2009 Altera Corporation
Your use of Altera Corporation's design tools, logic functions 
and other software and tools, and its AMPP partner logic 
functions, and any output files from any of the foregoing 
(including device programming or simulation files), and any 
associated documentation or information are expressly subject 
to the terms and conditions of the Altera Program License 
Subscription Agreement, Altera MegaCore Function License 
Agreement, or other applicable license agreement, including, 
without limitation, that your use is for the sole purpose of 
programming logic devices manufactured by Altera and sold by 
Altera or its authorized distributors.  Please refer to the 
applicable agreement for further details.



+-----------------------------------------------------------------------------------------------------------------------------+
; Timing Analyzer Summary                                                                                                     ;
+------------------------------+-------+---------------+-------------+-------+---------+------------+----------+--------------+
; Type                         ; Slack ; Required Time ; Actual Time ; From  ; To      ; From Clock ; To Clock ; Failed Paths ;
+------------------------------+-------+---------------+-------------+-------+---------+------------+----------+--------------+
; Worst-case tpd               ; N/A   ; None          ; 6.482 ns    ; SW[3] ; LEDR[1] ; --         ; --       ; 0            ;
; Total number of failed paths ;       ;               ;             ;       ;         ;            ;          ; 0            ;
+------------------------------+-------+---------------+-------------+-------+---------+------------+----------+--------------+


+-----------------------------------------------------------------------------------------------------------------------------------------------------+
; Timing Analyzer Settings                                                                                                                            ;
+------------------------------------------------------------------------------------------------------+--------------------+------+----+-------------+
; Option                                                                                               ; Setting            ; From ; To ; Entity Name ;
+------------------------------------------------------------------------------------------------------+--------------------+------+----+-------------+
; Device Name                                                                                          ; EP2C35F672C6       ;      ;    ;             ;
; Timing Models                                                                                        ; Final              ;      ;    ;             ;
; Default hold multicycle                                                                              ; Same as Multicycle ;      ;    ;             ;
; Cut paths between unrelated clock domains                                                            ; On                 ;      ;    ;             ;
; Cut off read during write signal paths                                                               ; On                 ;      ;    ;             ;
; Cut off feedback from I/O pins                                                                       ; On                 ;      ;    ;             ;
; Report Combined Fast/Slow Timing                                                                     ; Off                ;      ;    ;             ;
; Ignore Clock Settings                                                                                ; Off                ;      ;    ;             ;
; Analyze latches as synchronous elements                                                              ; On                 ;      ;    ;             ;
; Enable Recovery/Removal analysis                                                                     ; Off                ;      ;    ;             ;
; Enable Clock Latency                                                                                 ; Off                ;      ;    ;             ;
; Use TimeQuest Timing Analyzer                                                                        ; Off                ;      ;    ;             ;
; Minimum Core Junction Temperature                                                                    ; 0                  ;      ;    ;             ;
; Maximum Core Junction Temperature                                                                    ; 85                 ;      ;    ;             ;
; Number of source nodes to report per destination node                                                ; 10                 ;      ;    ;             ;
; Number of destination nodes to report                                                                ; 10                 ;      ;    ;             ;
; Number of paths to report                                                                            ; 200                ;      ;    ;             ;
; Report Minimum Timing Checks                                                                         ; Off                ;      ;    ;             ;
; Use Fast Timing Models                                                                               ; Off                ;      ;    ;             ;
; Report IO Paths Separately                                                                           ; Off                ;      ;    ;             ;
; Perform Multicorner Analysis                                                                         ; On                 ;      ;    ;             ;
; Reports the worst-case path for each clock domain and analysis                                       ; Off                ;      ;    ;             ;
; Reports worst-case timing paths for each clock domain and analysis                                   ; On                 ;      ;    ;             ;
; Specifies the maximum number of worst-case timing paths to report for each clock domain and analysis ; 100                ;      ;    ;             ;
; Removes common clock path pessimism (CCPP) during slack computation                                  ; Off                ;      ;    ;             ;
; Output I/O Timing Endpoint                                                                           ; Near End           ;      ;    ;             ;
+------------------------------------------------------------------------------------------------------+--------------------+------+----+-------------+


+------------------------------------------+
; Parallel Compilation                     ;
+----------------------------+-------------+
; Processors                 ; Number      ;
+----------------------------+-------------+
; Number detected on machine ; 2           ;
; Maximum allowed            ; 2           ;
;                            ;             ;
; Average used               ; 1.00        ;
; Maximum used               ; 1           ;
;                            ;             ;
; Usage by Processor         ; % Time Used ;
;     1 processor            ; 100.0%      ;
;     2 processors           ;   0.0%      ;
+----------------------------+-------------+


+---------------------------------------------------------------+
; tpd                                                           ;
+-------+-------------------+-----------------+-------+---------+
; Slack ; Required P2P Time ; Actual P2P Time ; From  ; To      ;
+-------+-------------------+-----------------+-------+---------+
; N/A   ; None              ; 6.482 ns        ; SW[3] ; LEDR[0] ;
; N/A   ; None              ; 6.482 ns        ; SW[3] ; LEDR[1] ;
; N/A   ; None              ; 6.479 ns        ; SW[0] ; LEDR[0] ;
; N/A   ; None              ; 6.476 ns        ; SW[0] ; LEDR[1] ;
; N/A   ; None              ; 6.454 ns        ; SW[3] ; LEDR[2] ;
; N/A   ; None              ; 6.448 ns        ; SW[0] ; LEDR[3] ;
; N/A   ; None              ; 6.447 ns        ; SW[0] ; LEDR[2] ;
; N/A   ; None              ; 6.387 ns        ; SW[2] ; LEDR[0] ;
; N/A   ; None              ; 6.382 ns        ; SW[2] ; LEDR[1] ;
; N/A   ; None              ; 6.360 ns        ; SW[2] ; LEDR[2] ;
; N/A   ; None              ; 6.355 ns        ; SW[2] ; LEDR[3] ;
; N/A   ; None              ; 6.232 ns        ; SW[1] ; LEDR[0] ;
; N/A   ; None              ; 6.231 ns        ; SW[1] ; LEDR[1] ;
; N/A   ; None              ; 6.203 ns        ; SW[1] ; LEDR[2] ;
; N/A   ; None              ; 6.147 ns        ; SW[3] ; LEDR[3] ;
+-------+-------------------+-----------------+-------+---------+


+--------------------------+
; Timing Analyzer Messages ;
+--------------------------+
Info: *******************************************************************
Info: Running Quartus II Classic Timing Analyzer
    Info: Version 9.1 Build 222 10/21/2009 SJ Web Edition
    Info: Processing started: Mon Jan 31 20:49:47 2011
Info: Command: quartus_tan --read_settings_files=off --write_settings_files=off Lab2 -c Lab2 --timing_analysis_only
Info: Parallel compilation is enabled and will use 2 of the 2 processors detected
Info: Longest tpd from source pin "SW[3]" to destination pin "LEDR[0]" is 6.482 ns
    Info: 1: + IC(0.000 ns) + CELL(0.999 ns) = 0.999 ns; Loc. = PIN_AE14; Fanout = 4; PIN Node = 'SW[3]'
    Info: 2: + IC(1.607 ns) + CELL(0.438 ns) = 3.044 ns; Loc. = LCCOMB_X64_Y3_N6; Fanout = 1; COMB Node = 'inst56~0'
    Info: 3: + IC(0.620 ns) + CELL(2.818 ns) = 6.482 ns; Loc. = PIN_AE23; Fanout = 0; PIN Node = 'LEDR[0]'
    Info: Total cell delay = 4.255 ns ( 65.64 % )
    Info: Total interconnect delay = 2.227 ns ( 34.36 % )
Info: Quartus II Classic Timing Analyzer was successful. 0 errors, 0 warnings
    Info: Peak virtual memory: 134 megabytes
    Info: Processing ended: Mon Jan 31 20:49:47 2011
    Info: Elapsed time: 00:00:00
    Info: Total CPU time (on all processors): 00:00:00


