Flow report for lcdclk
Thu Mar 24 17:25:42 2011
Quartus II Version 9.1 Build 222 10/21/2009 SJ Web Edition


---------------------
; Table of Contents ;
---------------------
  1. Legal Notice
  2. Flow Summary
  3. Flow Settings
  4. Flow Non-Default Global Settings
  5. Flow Elapsed Time
  6. Flow OS Summary
  7. Flow Log



----------------
; Legal Notice ;
----------------
Copyright (C) 1991-2009 Altera Corporation
Your use of Altera Corporation's design tools, logic functions 
and other software and tools, and its AMPP partner logic 
functions, and any output files from any of the foregoing 
(including device programming or simulation files), and any 
associated documentation or information are expressly subject 
to the terms and conditions of the Altera Program License 
Subscription Agreement, Altera MegaCore Function License 
Agreement, or other applicable license agreement, including, 
without limitation, that your use is for the sole purpose of 
programming logic devices manufactured by Altera and sold by 
Altera or its authorized distributors.  Please refer to the 
applicable agreement for further details.



+------------------------------------------------------------------------------+
; Flow Summary                                                                 ;
+------------------------------------+-----------------------------------------+
; Flow Status                        ; Successful - Thu Mar 24 17:25:42 2011   ;
; Quartus II Version                 ; 9.1 Build 222 10/21/2009 SJ Web Edition ;
; Revision Name                      ; lcdclk                                  ;
; Top-level Entity Name              ; lcd_clock                               ;
; Family                             ; Cyclone II                              ;
; Device                             ; EP2C35F672C6                            ;
; Timing Models                      ; Final                                   ;
; Met timing requirements            ; Yes                                     ;
; Total logic elements               ; 333 / 33,216 ( 1 % )                    ;
;     Total combinational functions  ; 333 / 33,216 ( 1 % )                    ;
;     Dedicated logic registers      ; 183 / 33,216 ( < 1 % )                  ;
; Total registers                    ; 183                                     ;
; Total pins                         ; 74 / 475 ( 16 % )                       ;
; Total virtual pins                 ; 0                                       ;
; Total memory bits                  ; 0 / 483,840 ( 0 % )                     ;
; Embedded Multiplier 9-bit elements ; 0 / 70 ( 0 % )                          ;
; Total PLLs                         ; 0 / 4 ( 0 % )                           ;
+------------------------------------+-----------------------------------------+


+-----------------------------------------+
; Flow Settings                           ;
+-------------------+---------------------+
; Option            ; Setting             ;
+-------------------+---------------------+
; Start date & time ; 03/24/2011 17:25:04 ;
; Main task         ; Compilation         ;
; Revision Name     ; lcdclk              ;
+-------------------+---------------------+


+--------------------------------------------------------------------------------------------------------------------------------+
; Flow Non-Default Global Settings                                                                                               ;
+--------------------------------------------+------------------------------+---------------+-------------+----------------------+
; Assignment Name                            ; Value                        ; Default Value ; Entity Name ; Section Id           ;
+--------------------------------------------+------------------------------+---------------+-------------+----------------------+
; COMPILER_SIGNATURE_ID                      ; 160604191977.130100190404988 ; --            ; --          ; --                   ;
; EDA_DESIGN_ENTRY_SYNTHESIS_TOOL            ; FPGA Compiler II             ; <None>        ; --          ; --                   ;
; EDA_INCLUDE_VHDL_CONFIGURATION_DECLARATION ; On                           ; --            ; --          ; eda_simulation       ;
; EDA_INPUT_DATA_FORMAT                      ; Edif                         ; --            ; --          ; eda_design_synthesis ;
; EDA_INPUT_VCC_NAME                         ; Vdd                          ; --            ; --          ; eda_design_synthesis ;
; EDA_LMF_FILE                               ; fpga_exp.lmf                 ; --            ; --          ; eda_design_synthesis ;
; EDA_NATIVELINK_SIMULATION_TEST_BENCH       ; TB_Test                      ; --            ; --          ; eda_simulation       ;
; EDA_OUTPUT_DATA_FORMAT                     ; Vhdl                         ; --            ; --          ; eda_simulation       ;
; EDA_SIMULATION_TOOL                        ; ModelSim-Altera (VHDL)       ; <None>        ; --          ; --                   ;
; EDA_TEST_BENCH_DESIGN_INSTANCE_NAME        ; i1                           ; --            ; --          ; eda_simulation       ;
; EDA_TEST_BENCH_ENABLE_STATUS               ; TEST_BENCH_MODE              ; --            ; --          ; eda_simulation       ;
; PARTITION_COLOR                            ; 16764057                     ; --            ; lcd_clock   ; Top                  ;
; PARTITION_NETLIST_TYPE                     ; SOURCE                       ; --            ; lcd_clock   ; Top                  ;
; TOP_LEVEL_ENTITY                           ; lcd_clock                    ; lcdclk        ; --          ; --                   ;
+--------------------------------------------+------------------------------+---------------+-------------+----------------------+


+-----------------------------------------------------------------------------------------------------------------------------+
; Flow Elapsed Time                                                                                                           ;
+-------------------------+--------------+-------------------------+---------------------+------------------------------------+
; Module Name             ; Elapsed Time ; Average Processors Used ; Peak Virtual Memory ; Total CPU Time (on all processors) ;
+-------------------------+--------------+-------------------------+---------------------+------------------------------------+
; Analysis & Synthesis    ; 00:00:07     ; 1.0                     ; 194 MB              ; 00:00:02                           ;
; Fitter                  ; 00:00:08     ; 1.3                     ; 243 MB              ; 00:00:06                           ;
; Assembler               ; 00:00:07     ; 1.0                     ; 216 MB              ; 00:00:02                           ;
; Classic Timing Analyzer ; 00:00:03     ; 1.0                     ; 122 MB              ; 00:00:00                           ;
; EDA Netlist Writer      ; 00:00:03     ; 1.0                     ; 136 MB              ; 00:00:01                           ;
; Total                   ; 00:00:28     ; --                      ; --                  ; 00:00:11                           ;
+-------------------------+--------------+-------------------------+---------------------+------------------------------------+


+---------------------------------------------------------------------------------------+
; Flow OS Summary                                                                       ;
+-------------------------+------------------+------------+------------+----------------+
; Module Name             ; Machine Hostname ; OS Name    ; OS Version ; Processor type ;
+-------------------------+------------------+------------+------------+----------------+
; Analysis & Synthesis    ; EELECE003        ; Windows XP ; 5.1        ; i686           ;
; Fitter                  ; EELECE003        ; Windows XP ; 5.1        ; i686           ;
; Assembler               ; EELECE003        ; Windows XP ; 5.1        ; i686           ;
; Classic Timing Analyzer ; EELECE003        ; Windows XP ; 5.1        ; i686           ;
; EDA Netlist Writer      ; EELECE003        ; Windows XP ; 5.1        ; i686           ;
+-------------------------+------------------+------------+------------+----------------+


------------
; Flow Log ;
------------
quartus_map --read_settings_files=on --write_settings_files=off lcdclk -c lcdclk
quartus_fit --read_settings_files=off --write_settings_files=off lcdclk -c lcdclk
quartus_asm --read_settings_files=off --write_settings_files=off lcdclk -c lcdclk
quartus_tan --read_settings_files=off --write_settings_files=off lcdclk -c lcdclk --timing_analysis_only
quartus_eda --read_settings_files=off --write_settings_files=off lcdclk -c lcdclk



