Flow report for Lab3
Mon Feb 07 18:35:01 2011
Quartus II Version 9.1 Build 222 10/21/2009 SJ Web Edition


---------------------
; Table of Contents ;
---------------------
  1. Legal Notice
  2. Flow Summary
  3. Flow Settings
  4. Flow Non-Default Global Settings
  5. Flow Elapsed Time
  6. Flow OS Summary
  7. Flow Log



----------------
; Legal Notice ;
----------------
Copyright (C) 1991-2009 Altera Corporation
Your use of Altera Corporation's design tools, logic functions 
and other software and tools, and its AMPP partner logic 
functions, and any output files from any of the foregoing 
(including device programming or simulation files), and any 
associated documentation or information are expressly subject 
to the terms and conditions of the Altera Program License 
Subscription Agreement, Altera MegaCore Function License 
Agreement, or other applicable license agreement, including, 
without limitation, that your use is for the sole purpose of 
programming logic devices manufactured by Altera and sold by 
Altera or its authorized distributors.  Please refer to the 
applicable agreement for further details.



+------------------------------------------------------------------------------+
; Flow Summary                                                                 ;
+------------------------------------+-----------------------------------------+
; Flow Status                        ; Successful - Mon Feb 07 18:35:01 2011   ;
; Quartus II Version                 ; 9.1 Build 222 10/21/2009 SJ Web Edition ;
; Revision Name                      ; Lab3                                    ;
; Top-level Entity Name              ; Lab3                                    ;
; Family                             ; Cyclone II                              ;
; Device                             ; EP2C35F672C6                            ;
; Timing Models                      ; Final                                   ;
; Met timing requirements            ; Yes                                     ;
; Total logic elements               ; 28 / 33,216 ( < 1 % )                   ;
;     Total combinational functions  ; 28 / 33,216 ( < 1 % )                   ;
;     Dedicated logic registers      ; 0 / 33,216 ( 0 % )                      ;
; Total registers                    ; 0                                       ;
; Total pins                         ; 63 / 475 ( 13 % )                       ;
; Total virtual pins                 ; 0                                       ;
; Total memory bits                  ; 0 / 483,840 ( 0 % )                     ;
; Embedded Multiplier 9-bit elements ; 0 / 70 ( 0 % )                          ;
; Total PLLs                         ; 0 / 4 ( 0 % )                           ;
+------------------------------------+-----------------------------------------+


+-----------------------------------------+
; Flow Settings                           ;
+-------------------+---------------------+
; Option            ; Setting             ;
+-------------------+---------------------+
; Start date & time ; 02/07/2011 18:34:04 ;
; Main task         ; Compilation         ;
; Revision Name     ; Lab3                ;
+-------------------+---------------------+


+--------------------------------------------------------------------------------------------------------------------------------+
; Flow Non-Default Global Settings                                                                                               ;
+-------------------------------------+-----------------------------------------------+---------------+-------------+------------+
; Assignment Name                     ; Value                                         ; Default Value ; Entity Name ; Section Id ;
+-------------------------------------+-----------------------------------------------+---------------+-------------+------------+
; COMPILER_SIGNATURE_ID               ; 160604191982.129712164400336                  ; --            ; --          ; --         ;
; IP_TOOL_NAME                        ; LPM_DIVIDE                                    ; --            ; --          ; --         ;
; IP_TOOL_VERSION                     ; 10.1                                          ; --            ; --          ; --         ;
; MISC_FILE                           ; ../Binary to HEX dispay files/lpm_divide0.bsf ; --            ; --          ; --         ;
; MISC_FILE                           ; ../Binary to HEX dispay files/lpm_divide0.cmp ; --            ; --          ; --         ;
; MISC_FILE                           ; E:/EEL3705 Projects/Lab 3/Lab3.dpf            ; --            ; --          ; --         ;
; PARTITION_COLOR                     ; 16764057                                      ; --            ; --          ; Top        ;
; PARTITION_FITTER_PRESERVATION_LEVEL ; PLACEMENT_AND_ROUTING                         ; --            ; --          ; Top        ;
; PARTITION_NETLIST_TYPE              ; SOURCE                                        ; --            ; --          ; Top        ;
+-------------------------------------+-----------------------------------------------+---------------+-------------+------------+


+-----------------------------------------------------------------------------------------------------------------------------+
; Flow Elapsed Time                                                                                                           ;
+-------------------------+--------------+-------------------------+---------------------+------------------------------------+
; Module Name             ; Elapsed Time ; Average Processors Used ; Peak Virtual Memory ; Total CPU Time (on all processors) ;
+-------------------------+--------------+-------------------------+---------------------+------------------------------------+
; Analysis & Synthesis    ; 00:00:13     ; 1.0                     ; 191 MB              ; 00:00:03                           ;
; Fitter                  ; 00:00:09     ; 1.2                     ; 242 MB              ; 00:00:06                           ;
; Assembler               ; 00:00:19     ; 1.0                     ; 215 MB              ; 00:00:02                           ;
; Classic Timing Analyzer ; 00:00:01     ; 1.0                     ; 121 MB              ; 00:00:00                           ;
; Total                   ; 00:00:42     ; --                      ; --                  ; 00:00:11                           ;
+-------------------------+--------------+-------------------------+---------------------+------------------------------------+


+---------------------------------------------------------------------------------------+
; Flow OS Summary                                                                       ;
+-------------------------+------------------+------------+------------+----------------+
; Module Name             ; Machine Hostname ; OS Name    ; OS Version ; Processor type ;
+-------------------------+------------------+------------+------------+----------------+
; Analysis & Synthesis    ; EELECE001        ; Windows XP ; 5.1        ; i686           ;
; Fitter                  ; EELECE001        ; Windows XP ; 5.1        ; i686           ;
; Assembler               ; EELECE001        ; Windows XP ; 5.1        ; i686           ;
; Classic Timing Analyzer ; EELECE001        ; Windows XP ; 5.1        ; i686           ;
+-------------------------+------------------+------------+------------+----------------+


------------
; Flow Log ;
------------
quartus_map --read_settings_files=on --write_settings_files=off Lab3 -c Lab3
quartus_fit --read_settings_files=off --write_settings_files=off Lab3 -c Lab3
quartus_asm --read_settings_files=off --write_settings_files=off Lab3 -c Lab3
quartus_tan --read_settings_files=off --write_settings_files=off Lab3 -c Lab3 --timing_analysis_only



