Analysis & Synthesis report for Lab5
Mon Feb 28 19:23:01 2011
Quartus II Version 9.1 Build 222 10/21/2009 SJ Web Edition


---------------------
; Table of Contents ;
---------------------
  1. Legal Notice
  2. Analysis & Synthesis Summary
  3. Analysis & Synthesis Settings
  4. Parallel Compilation
  5. Analysis & Synthesis Source Files Read
  6. Analysis & Synthesis Resource Usage Summary
  7. Analysis & Synthesis Resource Utilization by Entity
  8. Logic Cells Representing Combinational Loops
  9. General Register Statistics
 10. Parameter Settings for User Entity Instance: lpm_add_sub1:inst5|lpm_add_sub:LPM_ADD_SUB_component
 11. Analysis & Synthesis Messages



----------------
; Legal Notice ;
----------------
Copyright (C) 1991-2009 Altera Corporation
Your use of Altera Corporation's design tools, logic functions 
and other software and tools, and its AMPP partner logic 
functions, and any output files from any of the foregoing 
(including device programming or simulation files), and any 
associated documentation or information are expressly subject 
to the terms and conditions of the Altera Program License 
Subscription Agreement, Altera MegaCore Function License 
Agreement, or other applicable license agreement, including, 
without limitation, that your use is for the sole purpose of 
programming logic devices manufactured by Altera and sold by 
Altera or its authorized distributors.  Please refer to the 
applicable agreement for further details.



+------------------------------------------------------------------------------+
; Analysis & Synthesis Summary                                                 ;
+------------------------------------+-----------------------------------------+
; Analysis & Synthesis Status        ; Successful - Mon Feb 28 19:23:00 2011   ;
; Quartus II Version                 ; 9.1 Build 222 10/21/2009 SJ Web Edition ;
; Revision Name                      ; Lab5                                    ;
; Top-level Entity Name              ; lab5                                    ;
; Family                             ; Cyclone II                              ;
; Total logic elements               ; 61                                      ;
;     Total combinational functions  ; 61                                      ;
;     Dedicated logic registers      ; 0                                       ;
; Total registers                    ; 0                                       ;
; Total pins                         ; 66                                      ;
; Total virtual pins                 ; 0                                       ;
; Total memory bits                  ; 0                                       ;
; Embedded Multiplier 9-bit elements ; 0                                       ;
; Total PLLs                         ; 0                                       ;
+------------------------------------+-----------------------------------------+


+----------------------------------------------------------------------------------------------------------------------+
; Analysis & Synthesis Settings                                                                                        ;
+----------------------------------------------------------------------------+--------------------+--------------------+
; Option                                                                     ; Setting            ; Default Value      ;
+----------------------------------------------------------------------------+--------------------+--------------------+
; Device                                                                     ; EP2C35F672C6       ;                    ;
; Top-level entity name                                                      ; Lab5               ; Lab5               ;
; Family name                                                                ; Cyclone II         ; Stratix II         ;
; Use smart compilation                                                      ; Off                ; Off                ;
; Enable parallel Assembler and TimeQuest Timing Analyzer during compilation ; On                 ; On                 ;
; Enable compact report table                                                ; Off                ; Off                ;
; Restructure Multiplexers                                                   ; Auto               ; Auto               ;
; Create Debugging Nodes for IP Cores                                        ; Off                ; Off                ;
; Preserve fewer node names                                                  ; On                 ; On                 ;
; Disable OpenCore Plus hardware evaluation                                  ; Off                ; Off                ;
; Verilog Version                                                            ; Verilog_2001       ; Verilog_2001       ;
; VHDL Version                                                               ; VHDL_1993          ; VHDL_1993          ;
; State Machine Processing                                                   ; Auto               ; Auto               ;
; Safe State Machine                                                         ; Off                ; Off                ;
; Extract Verilog State Machines                                             ; On                 ; On                 ;
; Extract VHDL State Machines                                                ; On                 ; On                 ;
; Ignore Verilog initial constructs                                          ; Off                ; Off                ;
; Iteration limit for constant Verilog loops                                 ; 5000               ; 5000               ;
; Iteration limit for non-constant Verilog loops                             ; 250                ; 250                ;
; Add Pass-Through Logic to Inferred RAMs                                    ; On                 ; On                 ;
; Parallel Synthesis                                                         ; On                 ; On                 ;
; DSP Block Balancing                                                        ; Auto               ; Auto               ;
; NOT Gate Push-Back                                                         ; On                 ; On                 ;
; Power-Up Don't Care                                                        ; On                 ; On                 ;
; Remove Redundant Logic Cells                                               ; Off                ; Off                ;
; Remove Duplicate Registers                                                 ; On                 ; On                 ;
; Ignore CARRY Buffers                                                       ; Off                ; Off                ;
; Ignore CASCADE Buffers                                                     ; Off                ; Off                ;
; Ignore GLOBAL Buffers                                                      ; Off                ; Off                ;
; Ignore ROW GLOBAL Buffers                                                  ; Off                ; Off                ;
; Ignore LCELL Buffers                                                       ; Off                ; Off                ;
; Ignore SOFT Buffers                                                        ; On                 ; On                 ;
; Limit AHDL Integers to 32 Bits                                             ; Off                ; Off                ;
; Optimization Technique                                                     ; Balanced           ; Balanced           ;
; Carry Chain Length                                                         ; 70                 ; 70                 ;
; Auto Carry Chains                                                          ; On                 ; On                 ;
; Auto Open-Drain Pins                                                       ; On                 ; On                 ;
; Perform WYSIWYG Primitive Resynthesis                                      ; Off                ; Off                ;
; Auto ROM Replacement                                                       ; On                 ; On                 ;
; Auto RAM Replacement                                                       ; On                 ; On                 ;
; Auto Shift Register Replacement                                            ; Auto               ; Auto               ;
; Auto Clock Enable Replacement                                              ; On                 ; On                 ;
; Strict RAM Replacement                                                     ; Off                ; Off                ;
; Allow Synchronous Control Signals                                          ; On                 ; On                 ;
; Force Use of Synchronous Clear Signals                                     ; Off                ; Off                ;
; Auto RAM to Logic Cell Conversion                                          ; Off                ; Off                ;
; Auto Resource Sharing                                                      ; Off                ; Off                ;
; Allow Any RAM Size For Recognition                                         ; Off                ; Off                ;
; Allow Any ROM Size For Recognition                                         ; Off                ; Off                ;
; Allow Any Shift Register Size For Recognition                              ; Off                ; Off                ;
; Use LogicLock Constraints during Resource Balancing                        ; On                 ; On                 ;
; Ignore translate_off and synthesis_off directives                          ; Off                ; Off                ;
; Timing-Driven Synthesis                                                    ; Off                ; Off                ;
; Show Parameter Settings Tables in Synthesis Report                         ; On                 ; On                 ;
; Ignore Maximum Fan-Out Assignments                                         ; Off                ; Off                ;
; Synchronization Register Chain Length                                      ; 2                  ; 2                  ;
; PowerPlay Power Optimization                                               ; Normal compilation ; Normal compilation ;
; HDL message level                                                          ; Level2             ; Level2             ;
; Suppress Register Optimization Related Messages                            ; Off                ; Off                ;
; Number of Removed Registers Reported in Synthesis Report                   ; 100                ; 100                ;
; Number of Inverted Registers Reported in Synthesis Report                  ; 100                ; 100                ;
; Clock MUX Protection                                                       ; On                 ; On                 ;
; Auto Gated Clock Conversion                                                ; Off                ; Off                ;
; Block Design Naming                                                        ; Auto               ; Auto               ;
; SDC constraint protection                                                  ; Off                ; Off                ;
; Synthesis Effort                                                           ; Auto               ; Auto               ;
; Shift Register Replacement - Allow Asynchronous Clear Signal               ; On                 ; On                 ;
; Analysis & Synthesis Message Level                                         ; Medium             ; Medium             ;
; Disable Register Merging Across Hierarchies                                ; Auto               ; Auto               ;
; Resource Aware Inference For Block RAM                                     ; On                 ; On                 ;
+----------------------------------------------------------------------------+--------------------+--------------------+


+------------------------------------------+
; Parallel Compilation                     ;
+----------------------------+-------------+
; Processors                 ; Number      ;
+----------------------------+-------------+
; Number detected on machine ; 2           ;
; Maximum allowed            ; 2           ;
;                            ;             ;
; Average used               ; 1.00        ;
; Maximum used               ; 1           ;
;                            ;             ;
; Usage by Processor         ; % Time Used ;
;     1 processor            ; 100.0%      ;
;     2 processors           ;   0.0%      ;
+----------------------------+-------------+


+--------------------------------------------------------------------------------------------------------------------------------------------------------------+
; Analysis & Synthesis Source Files Read                                                                                                                       ;
+----------------------------------+-----------------+------------------------------------------+--------------------------------------------------------------+
; File Name with User-Entered Path ; Used in Netlist ; File Type                                ; File Name with Absolute Path                                 ;
+----------------------------------+-----------------+------------------------------------------+--------------------------------------------------------------+
; lpm_add_sub1.vhd                 ; yes             ; User Wizard-Generated File               ; E:/Lab5 - paul/lpm_add_sub1.vhd                              ;
; DisplayHEX.vhd                   ; yes             ; User VHDL File                           ; E:/Lab5 - paul/DisplayHEX.vhd                                ;
; Registereightbit.bdf             ; yes             ; User Block Diagram/Schematic File        ; E:/Lab5 - paul/Registereightbit.bdf                          ;
; D_FlipFlop.bdf                   ; yes             ; User Block Diagram/Schematic File        ; E:/Lab5 - paul/D_FlipFlop.bdf                                ;
; D-LatchedSR.bdf                  ; yes             ; User Block Diagram/Schematic File        ; E:/Lab5 - paul/D-LatchedSR.bdf                               ;
; SRLATCHY.bdf                     ; yes             ; User Block Diagram/Schematic File        ; E:/Lab5 - paul/SRLATCHY.bdf                                  ;
; lab5.bdf                         ; yes             ; Auto-Found Block Diagram/Schematic File  ; E:/Lab5 - paul/lab5.bdf                                      ;
; lpm_add_sub.tdf                  ; yes             ; Megafunction                             ; c:/altera/91/quartus/libraries/megafunctions/lpm_add_sub.tdf ;
; db/add_sub_big.tdf               ; yes             ; Auto-Generated Megafunction              ; E:/Lab5 - paul/db/add_sub_big.tdf                            ;
+----------------------------------+-----------------+------------------------------------------+--------------------------------------------------------------+


+------------------------------------------------------+
; Analysis & Synthesis Resource Usage Summary          ;
+---------------------------------------------+--------+
; Resource                                    ; Usage  ;
+---------------------------------------------+--------+
; Estimated Total logic elements              ; 61     ;
;                                             ;        ;
; Total combinational functions               ; 61     ;
; Logic element usage by number of LUT inputs ;        ;
;     -- 4 input functions                    ; 28     ;
;     -- 3 input functions                    ; 7      ;
;     -- <=2 input functions                  ; 26     ;
;                                             ;        ;
; Logic elements by mode                      ;        ;
;     -- normal mode                          ; 53     ;
;     -- arithmetic mode                      ; 8      ;
;                                             ;        ;
; Total registers                             ; 0      ;
;     -- Dedicated logic registers            ; 0      ;
;     -- I/O registers                        ; 0      ;
;                                             ;        ;
; I/O pins                                    ; 66     ;
; Maximum fan-out node                        ; KEY[0] ;
; Maximum fan-out                             ; 16     ;
; Total fan-out                               ; 213    ;
; Average fan-out                             ; 1.68   ;
+---------------------------------------------+--------+


+--------------------------------------------------------------------------------------------------------------------------------------------------------------------------------------------------------------------------------------------------------------+
; Analysis & Synthesis Resource Utilization by Entity                                                                                                                                                                                                          ;
+-------------------------------------------+-------------------+--------------+-------------+--------------+---------+-----------+------+--------------+---------------------------------------------------------------------------------------+--------------+
; Compilation Hierarchy Node                ; LC Combinationals ; LC Registers ; Memory Bits ; DSP Elements ; DSP 9x9 ; DSP 18x18 ; Pins ; Virtual Pins ; Full Hierarchy Name                                                                   ; Library Name ;
+-------------------------------------------+-------------------+--------------+-------------+--------------+---------+-----------+------+--------------+---------------------------------------------------------------------------------------+--------------+
; |lab5                                     ; 61 (0)            ; 0 (0)        ; 0           ; 0            ; 0       ; 0         ; 66   ; 0            ; |lab5                                                                                 ; work         ;
;    |Registereightbit:inst|                ; 16 (0)            ; 0 (0)        ; 0           ; 0            ; 0       ; 0         ; 0    ; 0            ; |lab5|Registereightbit:inst                                                           ;              ;
;       |D_FlipFlop:inst1|                  ; 2 (0)             ; 0 (0)        ; 0           ; 0            ; 0       ; 0         ; 0    ; 0            ; |lab5|Registereightbit:inst|D_FlipFlop:inst1                                          ;              ;
;          |D-LatchedSR:inst1|              ; 1 (0)             ; 0 (0)        ; 0           ; 0            ; 0       ; 0         ; 0    ; 0            ; |lab5|Registereightbit:inst|D_FlipFlop:inst1|D-LatchedSR:inst1                        ;              ;
;             |SRLATCHY:inst1|              ; 1 (1)             ; 0 (0)        ; 0           ; 0            ; 0       ; 0         ; 0    ; 0            ; |lab5|Registereightbit:inst|D_FlipFlop:inst1|D-LatchedSR:inst1|SRLATCHY:inst1         ;              ;
;          |D-LatchedSR:inst|               ; 1 (0)             ; 0 (0)        ; 0           ; 0            ; 0       ; 0         ; 0    ; 0            ; |lab5|Registereightbit:inst|D_FlipFlop:inst1|D-LatchedSR:inst                         ;              ;
;             |SRLATCHY:inst1|              ; 1 (1)             ; 0 (0)        ; 0           ; 0            ; 0       ; 0         ; 0    ; 0            ; |lab5|Registereightbit:inst|D_FlipFlop:inst1|D-LatchedSR:inst|SRLATCHY:inst1          ;              ;
;       |D_FlipFlop:inst2|                  ; 2 (0)             ; 0 (0)        ; 0           ; 0            ; 0       ; 0         ; 0    ; 0            ; |lab5|Registereightbit:inst|D_FlipFlop:inst2                                          ;              ;
;          |D-LatchedSR:inst1|              ; 1 (0)             ; 0 (0)        ; 0           ; 0            ; 0       ; 0         ; 0    ; 0            ; |lab5|Registereightbit:inst|D_FlipFlop:inst2|D-LatchedSR:inst1                        ;              ;
;             |SRLATCHY:inst1|              ; 1 (1)             ; 0 (0)        ; 0           ; 0            ; 0       ; 0         ; 0    ; 0            ; |lab5|Registereightbit:inst|D_FlipFlop:inst2|D-LatchedSR:inst1|SRLATCHY:inst1         ;              ;
;          |D-LatchedSR:inst|               ; 1 (0)             ; 0 (0)        ; 0           ; 0            ; 0       ; 0         ; 0    ; 0            ; |lab5|Registereightbit:inst|D_FlipFlop:inst2|D-LatchedSR:inst                         ;              ;
;             |SRLATCHY:inst1|              ; 1 (1)             ; 0 (0)        ; 0           ; 0            ; 0       ; 0         ; 0    ; 0            ; |lab5|Registereightbit:inst|D_FlipFlop:inst2|D-LatchedSR:inst|SRLATCHY:inst1          ;              ;
;       |D_FlipFlop:inst3|                  ; 2 (0)             ; 0 (0)        ; 0           ; 0            ; 0       ; 0         ; 0    ; 0            ; |lab5|Registereightbit:inst|D_FlipFlop:inst3                                          ;              ;
;          |D-LatchedSR:inst1|              ; 1 (0)             ; 0 (0)        ; 0           ; 0            ; 0       ; 0         ; 0    ; 0            ; |lab5|Registereightbit:inst|D_FlipFlop:inst3|D-LatchedSR:inst1                        ;              ;
;             |SRLATCHY:inst1|              ; 1 (1)             ; 0 (0)        ; 0           ; 0            ; 0       ; 0         ; 0    ; 0            ; |lab5|Registereightbit:inst|D_FlipFlop:inst3|D-LatchedSR:inst1|SRLATCHY:inst1         ;              ;
;          |D-LatchedSR:inst|               ; 1 (0)             ; 0 (0)        ; 0           ; 0            ; 0       ; 0         ; 0    ; 0            ; |lab5|Registereightbit:inst|D_FlipFlop:inst3|D-LatchedSR:inst                         ;              ;
;             |SRLATCHY:inst1|              ; 1 (1)             ; 0 (0)        ; 0           ; 0            ; 0       ; 0         ; 0    ; 0            ; |lab5|Registereightbit:inst|D_FlipFlop:inst3|D-LatchedSR:inst|SRLATCHY:inst1          ;              ;
;       |D_FlipFlop:inst4|                  ; 2 (0)             ; 0 (0)        ; 0           ; 0            ; 0       ; 0         ; 0    ; 0            ; |lab5|Registereightbit:inst|D_FlipFlop:inst4                                          ;              ;
;          |D-LatchedSR:inst1|              ; 1 (0)             ; 0 (0)        ; 0           ; 0            ; 0       ; 0         ; 0    ; 0            ; |lab5|Registereightbit:inst|D_FlipFlop:inst4|D-LatchedSR:inst1                        ;              ;
;             |SRLATCHY:inst1|              ; 1 (1)             ; 0 (0)        ; 0           ; 0            ; 0       ; 0         ; 0    ; 0            ; |lab5|Registereightbit:inst|D_FlipFlop:inst4|D-LatchedSR:inst1|SRLATCHY:inst1         ;              ;
;          |D-LatchedSR:inst|               ; 1 (0)             ; 0 (0)        ; 0           ; 0            ; 0       ; 0         ; 0    ; 0            ; |lab5|Registereightbit:inst|D_FlipFlop:inst4|D-LatchedSR:inst                         ;              ;
;             |SRLATCHY:inst1|              ; 1 (1)             ; 0 (0)        ; 0           ; 0            ; 0       ; 0         ; 0    ; 0            ; |lab5|Registereightbit:inst|D_FlipFlop:inst4|D-LatchedSR:inst|SRLATCHY:inst1          ;              ;
;       |D_FlipFlop:inst5|                  ; 2 (0)             ; 0 (0)        ; 0           ; 0            ; 0       ; 0         ; 0    ; 0            ; |lab5|Registereightbit:inst|D_FlipFlop:inst5                                          ;              ;
;          |D-LatchedSR:inst1|              ; 1 (0)             ; 0 (0)        ; 0           ; 0            ; 0       ; 0         ; 0    ; 0            ; |lab5|Registereightbit:inst|D_FlipFlop:inst5|D-LatchedSR:inst1                        ;              ;
;             |SRLATCHY:inst1|              ; 1 (1)             ; 0 (0)        ; 0           ; 0            ; 0       ; 0         ; 0    ; 0            ; |lab5|Registereightbit:inst|D_FlipFlop:inst5|D-LatchedSR:inst1|SRLATCHY:inst1         ;              ;
;          |D-LatchedSR:inst|               ; 1 (0)             ; 0 (0)        ; 0           ; 0            ; 0       ; 0         ; 0    ; 0            ; |lab5|Registereightbit:inst|D_FlipFlop:inst5|D-LatchedSR:inst                         ;              ;
;             |SRLATCHY:inst1|              ; 1 (1)             ; 0 (0)        ; 0           ; 0            ; 0       ; 0         ; 0    ; 0            ; |lab5|Registereightbit:inst|D_FlipFlop:inst5|D-LatchedSR:inst|SRLATCHY:inst1          ;              ;
;       |D_FlipFlop:inst6|                  ; 2 (0)             ; 0 (0)        ; 0           ; 0            ; 0       ; 0         ; 0    ; 0            ; |lab5|Registereightbit:inst|D_FlipFlop:inst6                                          ;              ;
;          |D-LatchedSR:inst1|              ; 1 (0)             ; 0 (0)        ; 0           ; 0            ; 0       ; 0         ; 0    ; 0            ; |lab5|Registereightbit:inst|D_FlipFlop:inst6|D-LatchedSR:inst1                        ;              ;
;             |SRLATCHY:inst1|              ; 1 (1)             ; 0 (0)        ; 0           ; 0            ; 0       ; 0         ; 0    ; 0            ; |lab5|Registereightbit:inst|D_FlipFlop:inst6|D-LatchedSR:inst1|SRLATCHY:inst1         ;              ;
;          |D-LatchedSR:inst|               ; 1 (0)             ; 0 (0)        ; 0           ; 0            ; 0       ; 0         ; 0    ; 0            ; |lab5|Registereightbit:inst|D_FlipFlop:inst6|D-LatchedSR:inst                         ;              ;
;             |SRLATCHY:inst1|              ; 1 (1)             ; 0 (0)        ; 0           ; 0            ; 0       ; 0         ; 0    ; 0            ; |lab5|Registereightbit:inst|D_FlipFlop:inst6|D-LatchedSR:inst|SRLATCHY:inst1          ;              ;
;       |D_FlipFlop:inst7|                  ; 2 (0)             ; 0 (0)        ; 0           ; 0            ; 0       ; 0         ; 0    ; 0            ; |lab5|Registereightbit:inst|D_FlipFlop:inst7                                          ;              ;
;          |D-LatchedSR:inst1|              ; 1 (0)             ; 0 (0)        ; 0           ; 0            ; 0       ; 0         ; 0    ; 0            ; |lab5|Registereightbit:inst|D_FlipFlop:inst7|D-LatchedSR:inst1                        ;              ;
;             |SRLATCHY:inst1|              ; 1 (1)             ; 0 (0)        ; 0           ; 0            ; 0       ; 0         ; 0    ; 0            ; |lab5|Registereightbit:inst|D_FlipFlop:inst7|D-LatchedSR:inst1|SRLATCHY:inst1         ;              ;
;          |D-LatchedSR:inst|               ; 1 (0)             ; 0 (0)        ; 0           ; 0            ; 0       ; 0         ; 0    ; 0            ; |lab5|Registereightbit:inst|D_FlipFlop:inst7|D-LatchedSR:inst                         ;              ;
;             |SRLATCHY:inst1|              ; 1 (1)             ; 0 (0)        ; 0           ; 0            ; 0       ; 0         ; 0    ; 0            ; |lab5|Registereightbit:inst|D_FlipFlop:inst7|D-LatchedSR:inst|SRLATCHY:inst1          ;              ;
;       |D_FlipFlop:inst|                   ; 2 (0)             ; 0 (0)        ; 0           ; 0            ; 0       ; 0         ; 0    ; 0            ; |lab5|Registereightbit:inst|D_FlipFlop:inst                                           ;              ;
;          |D-LatchedSR:inst1|              ; 1 (0)             ; 0 (0)        ; 0           ; 0            ; 0       ; 0         ; 0    ; 0            ; |lab5|Registereightbit:inst|D_FlipFlop:inst|D-LatchedSR:inst1                         ;              ;
;             |SRLATCHY:inst1|              ; 1 (1)             ; 0 (0)        ; 0           ; 0            ; 0       ; 0         ; 0    ; 0            ; |lab5|Registereightbit:inst|D_FlipFlop:inst|D-LatchedSR:inst1|SRLATCHY:inst1          ;              ;
;          |D-LatchedSR:inst|               ; 1 (0)             ; 0 (0)        ; 0           ; 0            ; 0       ; 0         ; 0    ; 0            ; |lab5|Registereightbit:inst|D_FlipFlop:inst|D-LatchedSR:inst                          ;              ;
;             |SRLATCHY:inst1|              ; 1 (1)             ; 0 (0)        ; 0           ; 0            ; 0       ; 0         ; 0    ; 0            ; |lab5|Registereightbit:inst|D_FlipFlop:inst|D-LatchedSR:inst|SRLATCHY:inst1           ;              ;
;    |lpm_add_sub1:inst5|                   ; 17 (0)            ; 0 (0)        ; 0           ; 0            ; 0       ; 0         ; 0    ; 0            ; |lab5|lpm_add_sub1:inst5                                                              ;              ;
;       |lpm_add_sub:LPM_ADD_SUB_component| ; 17 (0)            ; 0 (0)        ; 0           ; 0            ; 0       ; 0         ; 0    ; 0            ; |lab5|lpm_add_sub1:inst5|lpm_add_sub:LPM_ADD_SUB_component                            ;              ;
;          |add_sub_big:auto_generated|     ; 17 (17)           ; 0 (0)        ; 0           ; 0            ; 0       ; 0         ; 0    ; 0            ; |lab5|lpm_add_sub1:inst5|lpm_add_sub:LPM_ADD_SUB_component|add_sub_big:auto_generated ;              ;
;    |output:inst2|                         ; 14 (14)           ; 0 (0)        ; 0           ; 0            ; 0       ; 0         ; 0    ; 0            ; |lab5|output:inst2                                                                    ;              ;
;    |output:inst3|                         ; 14 (14)           ; 0 (0)        ; 0           ; 0            ; 0       ; 0         ; 0    ; 0            ; |lab5|output:inst3                                                                    ;              ;
+-------------------------------------------+-------------------+--------------+-------------+--------------+---------+-----------+------+--------------+---------------------------------------------------------------------------------------+--------------+
Note: For table entries with two numbers listed, the numbers in parentheses indicate the number of resources of the given type used by the specific entity alone. The numbers listed outside of parentheses indicate the total resources of the given type used by the specific entity and all of its sub-entities in the hierarchy.


+-------------------------------------------------------------------------------------+
; Logic Cells Representing Combinational Loops                                        ;
+--------------------------------------------------------------------------------+----+
; Logic Cell Name                                                                ;    ;
+--------------------------------------------------------------------------------+----+
; Registereightbit:inst|D_FlipFlop:inst|D-LatchedSR:inst1|SRLATCHY:inst1|inst~0  ;    ;
; Registereightbit:inst|D_FlipFlop:inst2|D-LatchedSR:inst1|SRLATCHY:inst1|inst~0 ;    ;
; Registereightbit:inst|D_FlipFlop:inst1|D-LatchedSR:inst1|SRLATCHY:inst1|inst~0 ;    ;
; Registereightbit:inst|D_FlipFlop:inst3|D-LatchedSR:inst1|SRLATCHY:inst1|inst~0 ;    ;
; Registereightbit:inst|D_FlipFlop:inst6|D-LatchedSR:inst1|SRLATCHY:inst1|inst~0 ;    ;
; Registereightbit:inst|D_FlipFlop:inst5|D-LatchedSR:inst1|SRLATCHY:inst1|inst~0 ;    ;
; Registereightbit:inst|D_FlipFlop:inst4|D-LatchedSR:inst1|SRLATCHY:inst1|inst~0 ;    ;
; Registereightbit:inst|D_FlipFlop:inst7|D-LatchedSR:inst1|SRLATCHY:inst1|inst~0 ;    ;
; Registereightbit:inst|D_FlipFlop:inst|D-LatchedSR:inst|SRLATCHY:inst1|inst~0   ;    ;
; Registereightbit:inst|D_FlipFlop:inst2|D-LatchedSR:inst|SRLATCHY:inst1|inst~0  ;    ;
; Registereightbit:inst|D_FlipFlop:inst1|D-LatchedSR:inst|SRLATCHY:inst1|inst~0  ;    ;
; Registereightbit:inst|D_FlipFlop:inst3|D-LatchedSR:inst|SRLATCHY:inst1|inst~0  ;    ;
; Registereightbit:inst|D_FlipFlop:inst6|D-LatchedSR:inst|SRLATCHY:inst1|inst~0  ;    ;
; Registereightbit:inst|D_FlipFlop:inst5|D-LatchedSR:inst|SRLATCHY:inst1|inst~0  ;    ;
; Registereightbit:inst|D_FlipFlop:inst4|D-LatchedSR:inst|SRLATCHY:inst1|inst~0  ;    ;
; Registereightbit:inst|D_FlipFlop:inst7|D-LatchedSR:inst|SRLATCHY:inst1|inst~0  ;    ;
; Number of logic cells representing combinational loops                         ; 16 ;
+--------------------------------------------------------------------------------+----+
Note: All cells listed above may not be present at the end of synthesis due to various synthesis optimizations.


+------------------------------------------------------+
; General Register Statistics                          ;
+----------------------------------------------+-------+
; Statistic                                    ; Value ;
+----------------------------------------------+-------+
; Total registers                              ; 0     ;
; Number of registers using Synchronous Clear  ; 0     ;
; Number of registers using Synchronous Load   ; 0     ;
; Number of registers using Asynchronous Clear ; 0     ;
; Number of registers using Asynchronous Load  ; 0     ;
; Number of registers using Clock Enable       ; 0     ;
; Number of registers using Preset             ; 0     ;
+----------------------------------------------+-------+


+---------------------------------------------------------------------------------------------------+
; Parameter Settings for User Entity Instance: lpm_add_sub1:inst5|lpm_add_sub:LPM_ADD_SUB_component ;
+------------------------+-------------+------------------------------------------------------------+
; Parameter Name         ; Value       ; Type                                                       ;
+------------------------+-------------+------------------------------------------------------------+
; LPM_WIDTH              ; 8           ; Signed Integer                                             ;
; LPM_REPRESENTATION     ; UNSIGNED    ; Untyped                                                    ;
; LPM_DIRECTION          ; DEFAULT     ; Untyped                                                    ;
; ONE_INPUT_IS_CONSTANT  ; NO          ; Untyped                                                    ;
; LPM_PIPELINE           ; 0           ; Untyped                                                    ;
; MAXIMIZE_SPEED         ; 5           ; Untyped                                                    ;
; REGISTERED_AT_END      ; 0           ; Untyped                                                    ;
; OPTIMIZE_FOR_SPEED     ; 5           ; Untyped                                                    ;
; USE_CS_BUFFERS         ; 1           ; Untyped                                                    ;
; CARRY_CHAIN            ; MANUAL      ; Untyped                                                    ;
; CARRY_CHAIN_LENGTH     ; 48          ; CARRY_CHAIN_LENGTH                                         ;
; DEVICE_FAMILY          ; Cyclone II  ; Untyped                                                    ;
; USE_WYS                ; OFF         ; Untyped                                                    ;
; STYLE                  ; FAST        ; Untyped                                                    ;
; CBXI_PARAMETER         ; add_sub_big ; Untyped                                                    ;
; AUTO_CARRY_CHAINS      ; ON          ; AUTO_CARRY                                                 ;
; IGNORE_CARRY_BUFFERS   ; OFF         ; IGNORE_CARRY                                               ;
; AUTO_CASCADE_CHAINS    ; ON          ; AUTO_CASCADE                                               ;
; IGNORE_CASCADE_BUFFERS ; OFF         ; IGNORE_CASCADE                                             ;
+------------------------+-------------+------------------------------------------------------------+
Note: In order to hide this table in the UI and the text report file, please set the "Show Parameter Settings Tables in Synthesis Report" option in "Analysis and Synthesis Settings -> More Settings" to "Off".


+-------------------------------+
; Analysis & Synthesis Messages ;
+-------------------------------+
Info: *******************************************************************
Info: Running Quartus II Analysis & Synthesis
    Info: Version 9.1 Build 222 10/21/2009 SJ Web Edition
    Info: Processing started: Mon Feb 28 19:22:49 2011
Info: Command: quartus_map --read_settings_files=on --write_settings_files=off Lab5 -c Lab5
Info: Parallel compilation is enabled and will use 2 of the 2 processors detected
Info: Found 1 design units, including 1 entities, in source file d-latched sr.bdf
    Info: Found entity 1: D-Latched SR
Info: Found 1 design units, including 1 entities, in source file sr latchy.bdf
    Info: Found entity 1: SR LATCHY
Info: Found 1 design units, including 1 entities, in source file d flipflop.bdf
    Info: Found entity 1: D FlipFlop
Info: Found 1 design units, including 1 entities, in source file 8bit register.bdf
    Info: Found entity 1: 8bit Register
Info: Found 2 design units, including 1 entities, in source file lpm_add_sub0.vhd
    Info: Found design unit 1: lpm_add_sub0-SYN
    Info: Found entity 1: lpm_add_sub0
Info: Found 2 design units, including 1 entities, in source file lpm_add_sub1.vhd
    Info: Found design unit 1: lpm_add_sub1-SYN
    Info: Found entity 1: lpm_add_sub1
Info: Found 2 design units, including 1 entities, in source file displayhex.vhd
    Info: Found design unit 1: output-Behavior
    Info: Found entity 1: output
Info: Found 1 design units, including 1 entities, in source file registereightbit.bdf
    Info: Found entity 1: Registereightbit
Info: Found 1 design units, including 1 entities, in source file d_flipflop.bdf
    Info: Found entity 1: D_FlipFlop
Info: Found 1 design units, including 1 entities, in source file d-latchedsr.bdf
    Info: Found entity 1: D-LatchedSR
Info: Found 1 design units, including 1 entities, in source file srlatchy.bdf
    Info: Found entity 1: SRLATCHY
Warning: Using design file lab5.bdf, which is not specified as a design file for the current project, but contains definitions for 1 design units and 1 entities in project
    Info: Found entity 1: lab5
Info: Elaborating entity "Lab5" for the top level hierarchy
Warning: No superset bus at connection
Warning: Pin "HEX0[6..0]" is missing source
Warning: Pin "HEX1[6..0]" is missing source
Warning: Pin "HEX2[6..0]" is missing source
Info: Elaborating entity "output" for hierarchy "output:inst3"
Info: Elaborating entity "Registereightbit" for hierarchy "Registereightbit:inst"
Info: Elaborating entity "D_FlipFlop" for hierarchy "Registereightbit:inst|D_FlipFlop:inst"
Info: Elaborating entity "D-LatchedSR" for hierarchy "Registereightbit:inst|D_FlipFlop:inst|D-LatchedSR:inst1"
Info: Elaborating entity "SRLATCHY" for hierarchy "Registereightbit:inst|D_FlipFlop:inst|D-LatchedSR:inst1|SRLATCHY:inst1"
Info: Elaborating entity "lpm_add_sub1" for hierarchy "lpm_add_sub1:inst5"
Info: Elaborating entity "lpm_add_sub" for hierarchy "lpm_add_sub1:inst5|lpm_add_sub:LPM_ADD_SUB_component"
Info: Elaborated megafunction instantiation "lpm_add_sub1:inst5|lpm_add_sub:LPM_ADD_SUB_component"
Info: Instantiated megafunction "lpm_add_sub1:inst5|lpm_add_sub:LPM_ADD_SUB_component" with the following parameter:
    Info: Parameter "lpm_direction" = "UNUSED"
    Info: Parameter "lpm_hint" = "ONE_INPUT_IS_CONSTANT=NO,CIN_USED=NO"
    Info: Parameter "lpm_representation" = "UNSIGNED"
    Info: Parameter "lpm_type" = "LPM_ADD_SUB"
    Info: Parameter "lpm_width" = "8"
Info: Found 1 design units, including 1 entities, in source file db/add_sub_big.tdf
    Info: Found entity 1: add_sub_big
Info: Elaborating entity "add_sub_big" for hierarchy "lpm_add_sub1:inst5|lpm_add_sub:LPM_ADD_SUB_component|add_sub_big:auto_generated"
Warning: Output pins are stuck at VCC or GND
    Warning (13410): Pin "HEX0[6]" is stuck at GND
    Warning (13410): Pin "HEX0[5]" is stuck at GND
    Warning (13410): Pin "HEX0[4]" is stuck at GND
    Warning (13410): Pin "HEX0[3]" is stuck at GND
    Warning (13410): Pin "HEX0[2]" is stuck at GND
    Warning (13410): Pin "HEX0[1]" is stuck at GND
    Warning (13410): Pin "HEX0[0]" is stuck at GND
    Warning (13410): Pin "HEX1[6]" is stuck at GND
    Warning (13410): Pin "HEX1[5]" is stuck at GND
    Warning (13410): Pin "HEX1[4]" is stuck at GND
    Warning (13410): Pin "HEX1[3]" is stuck at GND
    Warning (13410): Pin "HEX1[2]" is stuck at GND
    Warning (13410): Pin "HEX1[1]" is stuck at GND
    Warning (13410): Pin "HEX1[0]" is stuck at GND
    Warning (13410): Pin "HEX2[6]" is stuck at GND
    Warning (13410): Pin "HEX2[5]" is stuck at GND
    Warning (13410): Pin "HEX2[4]" is stuck at GND
    Warning (13410): Pin "HEX2[3]" is stuck at GND
    Warning (13410): Pin "HEX2[2]" is stuck at GND
    Warning (13410): Pin "HEX2[1]" is stuck at GND
    Warning (13410): Pin "HEX2[0]" is stuck at GND
    Warning (13410): Pin "HEX3[6]" is stuck at VCC
    Warning (13410): Pin "HEX3[5]" is stuck at VCC
    Warning (13410): Pin "HEX3[4]" is stuck at VCC
    Warning (13410): Pin "HEX3[3]" is stuck at VCC
    Warning (13410): Pin "HEX3[2]" is stuck at VCC
    Warning (13410): Pin "HEX3[1]" is stuck at VCC
    Warning (13410): Pin "HEX3[0]" is stuck at VCC
Info: Implemented 127 device resources after synthesis - the final resource count might be different
    Info: Implemented 10 input pins
    Info: Implemented 56 output pins
    Info: Implemented 61 logic cells
Info: Quartus II Analysis & Synthesis was successful. 0 errors, 34 warnings
    Info: Peak virtual memory: 193 megabytes
    Info: Processing ended: Mon Feb 28 19:23:02 2011
    Info: Elapsed time: 00:00:13
    Info: Total CPU time (on all processors): 00:00:02


